<?xml version="1.0" encoding="UTF-8"?>
<coverage generated="1396342675">
  <project timestamp="1396342675">
    <package name="StrokerForm\Controller">
      <file name="C:\www\zf2-form/src/StrokerForm/Controller/AjaxController.php">
        <class name="AjaxController" namespace="StrokerForm\Controller">
          <metrics methods="6" coveredmethods="3" conditionals="0" coveredconditionals="0" statements="41" coveredstatements="10" elements="47" coveredelements="13"/>
        </class>
        <line num="0" type="stmt" count="1"/>
        <line num="28" type="method" name="__construct" crap="1" count="1"/>
        <line num="30" type="stmt" count="1"/>
        <line num="31" type="stmt" count="1"/>
        <line num="39" type="method" name="validateAction" crap="11.10" count="1"/>
        <line num="42" type="stmt" count="1"/>
        <line num="43" type="stmt" count="1"/>
        <line num="45" type="stmt" count="1"/>
        <line num="47" type="stmt" count="1"/>
        <line num="48" type="stmt" count="0"/>
        <line num="50" type="stmt" count="1"/>
        <line num="51" type="stmt" count="1"/>
        <line num="54" type="stmt" count="0"/>
        <line num="57" type="stmt" count="0"/>
        <line num="59" type="stmt" count="0"/>
        <line num="60" type="stmt" count="0"/>
        <line num="61" type="stmt" count="0"/>
        <line num="62" type="stmt" count="0"/>
        <line num="64" type="stmt" count="0"/>
        <line num="65" type="stmt" count="0"/>
        <line num="67" type="stmt" count="0"/>
        <line num="69" type="stmt" count="0"/>
        <line num="70" type="stmt" count="0"/>
        <line num="71" type="stmt" count="0"/>
        <line num="72" type="stmt" count="0"/>
        <line num="73" type="stmt" count="0"/>
        <line num="74" type="stmt" count="0"/>
        <line num="77" type="stmt" count="0"/>
        <line num="79" type="stmt" count="0"/>
        <line num="93" type="method" name="convertDataArrayToValidationGroup" crap="12" count="0"/>
        <line num="94" type="stmt" count="0"/>
        <line num="95" type="stmt" count="0"/>
        <line num="96" type="stmt" count="0"/>
        <line num="97" type="stmt" count="0"/>
        <line num="98" type="stmt" count="0"/>
        <line num="99" type="stmt" count="0"/>
        <line num="101" type="stmt" count="0"/>
        <line num="102" type="stmt" count="0"/>
        <line num="108" type="method" name="getFormManager" crap="2" count="0"/>
        <line num="110" type="stmt" count="0"/>
        <line num="116" type="method" name="setFormManager" crap="1" count="1"/>
        <line num="118" type="stmt" count="1"/>
        <line num="119" type="stmt" count="1"/>
        <line num="121" type="stmt" count="1"/>
        <metrics loc="120" ncloc="79" classes="1" methods="6" coveredmethods="2" conditionals="0" coveredconditionals="0" statements="37" coveredstatements="10" elements="43" coveredelements="12"/>
      </file>
    </package>
    <package name="StrokerForm">
      <file name="C:\www\zf2-form/src/StrokerForm/FormManager.php">
        <class name="FormManager" namespace="StrokerForm">
          <metrics methods="2" coveredmethods="2" conditionals="0" coveredconditionals="0" statements="15" coveredstatements="14" elements="17" coveredelements="16"/>
        </class>
        <line num="28" type="method" name="validatePlugin" crap="3" count="3"/>
        <line num="30" type="stmt" count="3"/>
        <line num="32" type="stmt" count="2"/>
        <line num="35" type="stmt" count="1"/>
        <line num="36" type="stmt" count="1"/>
        <line num="37" type="stmt" count="1"/>
        <line num="38" type="stmt" count="1"/>
        <line num="39" type="stmt" count="1"/>
        <line num="40" type="stmt" count="1"/>
        <line num="46" type="method" name="get" crap="3.03" count="2"/>
        <line num="48" type="stmt" count="2"/>
        <line num="49" type="stmt" count="2"/>
        <line num="50" type="stmt" count="1"/>
        <line num="51" type="stmt" count="1"/>
        <line num="52" type="stmt" count="1"/>
        <line num="54" type="stmt" count="0"/>
        <line num="55" type="stmt" count="1"/>
        <line num="58" type="stmt" count="1"/>
        <metrics loc="57" ncloc="34" classes="1" methods="2" coveredmethods="1" conditionals="0" coveredconditionals="0" statements="15" coveredstatements="14" elements="17" coveredelements="15"/>
      </file>
    </package>
    <package name="StrokerForm\Renderer">
      <file name="C:\www\zf2-form/src/StrokerForm/Renderer/AbstractRenderer.php">
        <class name="AbstractRenderer" namespace="StrokerForm\Renderer">
          <metrics methods="14" coveredmethods="8" conditionals="0" coveredconditionals="0" statements="34" coveredstatements="22" elements="48" coveredelements="30"/>
        </class>
        <line num="73" type="method" name="setTranslator" crap="2.26" count="13"/>
        <line num="75" type="stmt" count="13"/>
        <line num="76" type="stmt" count="13"/>
        <line num="77" type="stmt" count="0"/>
        <line num="78" type="stmt" count="0"/>
        <line num="80" type="stmt" count="13"/>
        <line num="88" type="method" name="getTranslator" crap="6" count="0"/>
        <line num="90" type="stmt" count="0"/>
        <line num="91" type="stmt" count="0"/>
        <line num="94" type="stmt" count="0"/>
        <line num="102" type="method" name="hasTranslator" crap="2" count="0"/>
        <line num="104" type="stmt" count="0"/>
        <line num="114" type="method" name="setTranslatorEnabled" crap="2" count="0"/>
        <line num="116" type="stmt" count="0"/>
        <line num="118" type="stmt" count="0"/>
        <line num="126" type="method" name="isTranslatorEnabled" crap="2" count="0"/>
        <line num="128" type="stmt" count="0"/>
        <line num="137" type="method" name="setTranslatorTextDomain" crap="2" count="0"/>
        <line num="139" type="stmt" count="0"/>
        <line num="141" type="stmt" count="0"/>
        <line num="149" type="method" name="getTranslatorTextDomain" crap="2" count="0"/>
        <line num="151" type="stmt" count="0"/>
        <line num="157" type="method" name="getHttpRouter" crap="1" count="10"/>
        <line num="159" type="stmt" count="10"/>
        <line num="165" type="method" name="setHttpRouter" crap="1" count="13"/>
        <line num="167" type="stmt" count="13"/>
        <line num="168" type="stmt" count="13"/>
        <line num="173" type="method" name="getOptions" crap="1" count="13"/>
        <line num="175" type="stmt" count="13"/>
        <line num="181" type="method" name="setOptions" crap="5" count="13"/>
        <line num="183" type="stmt" count="13"/>
        <line num="184" type="stmt" count="13"/>
        <line num="185" type="stmt" count="13"/>
        <line num="187" type="stmt" count="13"/>
        <line num="188" type="stmt" count="4"/>
        <line num="189" type="stmt" count="3"/>
        <line num="190" type="stmt" count="3"/>
        <line num="191" type="stmt" count="13"/>
        <line num="193" type="stmt" count="13"/>
        <line num="194" type="stmt" count="13"/>
        <line num="199" type="method" name="setDefaultOptions" crap="1" count="13"/>
        <line num="201" type="stmt" count="13"/>
        <line num="202" type="stmt" count="13"/>
        <line num="207" type="method" name="getFormManager" crap="1" count="10"/>
        <line num="209" type="stmt" count="10"/>
        <line num="215" type="method" name="setFormManager" crap="1" count="13"/>
        <line num="217" type="stmt" count="13"/>
        <line num="218" type="stmt" count="13"/>
        <line num="220" type="stmt" count="1"/>
        <metrics loc="219" ncloc="121" classes="1" methods="14" coveredmethods="7" conditionals="0" coveredconditionals="0" statements="34" coveredstatements="22" elements="48" coveredelements="29"/>
      </file>
      <file name="C:\www\zf2-form/src/StrokerForm/Renderer/AbstractValidateRenderer.php">
        <class name="AbstractValidateRenderer" namespace="StrokerForm\Renderer">
          <metrics methods="7" coveredmethods="5" conditionals="0" coveredconditionals="0" statements="46" coveredstatements="40" elements="53" coveredelements="45"/>
        </class>
        <line num="32" type="method" name="preRenderForm" crap="4.06" count="10"/>
        <line num="34" type="stmt" count="10"/>
        <line num="36" type="stmt" count="10"/>
        <line num="37" type="stmt" count="0"/>
        <line num="38" type="stmt" count="0"/>
        <line num="40" type="stmt" count="10"/>
        <line num="43" type="stmt" count="10"/>
        <line num="44" type="stmt" count="10"/>
        <line num="45" type="stmt" count="10"/>
        <line num="46" type="stmt" count="10"/>
        <line num="47" type="stmt" count="10"/>
        <line num="48" type="stmt" count="10"/>
        <line num="49" type="stmt" count="10"/>
        <line num="50" type="stmt" count="10"/>
        <line num="59" type="method" name="extractValidatorsForForm" crap="4" count="10"/>
        <line num="61" type="stmt" count="10"/>
        <line num="62" type="stmt" count="10"/>
        <line num="63" type="stmt" count="10"/>
        <line num="64" type="stmt" count="10"/>
        <line num="65" type="stmt" count="10"/>
        <line num="66" type="stmt" count="10"/>
        <line num="68" type="stmt" count="10"/>
        <line num="69" type="stmt" count="10"/>
        <line num="70" type="stmt" count="10"/>
        <line num="72" type="stmt" count="10"/>
        <line num="73" type="stmt" count="3"/>
        <line num="74" type="stmt" count="10"/>
        <line num="76" type="stmt" count="10"/>
        <line num="86" type="method" name="getValidatorsForElement" crap="4.01" count="10"/>
        <line num="88" type="stmt" count="10"/>
        <line num="89" type="stmt" count="1"/>
        <line num="93" type="stmt" count="10"/>
        <line num="94" type="stmt" count="3"/>
        <line num="95" type="stmt" count="3"/>
        <line num="96" type="stmt" count="10"/>
        <line num="99" type="stmt" count="10"/>
        <line num="100" type="stmt" count="0"/>
        <line num="102" type="stmt" count="10"/>
        <line num="105" type="stmt" count="10"/>
        <line num="107" type="stmt" count="10"/>
        <line num="108" type="stmt" count="10"/>
        <line num="117" type="method" name="preRenderInputField" crap="2" count="0"/>
        <line num="119" type="stmt" count="0"/>
        <line num="127" type="method" name="addValidationAttributesForElement" crap="1" count="0"/>
        <line num="135" type="method" name="getElementName" crap="3.58" count="10"/>
        <line num="137" type="stmt" count="10"/>
        <line num="138" type="stmt" count="10"/>
        <line num="139" type="stmt" count="0"/>
        <line num="140" type="stmt" count="0"/>
        <line num="142" type="stmt" count="10"/>
        <line num="151" type="method" name="getValidatorClassName" crap="1" count="10"/>
        <line num="153" type="stmt" count="10"/>
        <line num="154" type="stmt" count="10"/>
        <line num="157" type="stmt" count="1"/>
        <line num="188" type="stmt" count="1"/>
        <metrics loc="156" ncloc="97" classes="1" methods="6" coveredmethods="2" conditionals="0" coveredconditionals="0" statements="46" coveredstatements="40" elements="52" coveredelements="42"/>
      </file>
      <file name="C:\www\zf2-form/src/StrokerForm/Renderer/Options.php">
        <class name="Options" namespace="StrokerForm\Renderer">
          <metrics methods="3" coveredmethods="3" conditionals="0" coveredconditionals="0" statements="16" coveredstatements="16" elements="19" coveredelements="19"/>
        </class>
        <line num="26" type="method" name="getIncludeAssets" crap="1" count="13"/>
        <line num="28" type="stmt" count="13"/>
        <line num="34" type="method" name="setIncludeAssets" crap="1" count="4"/>
        <line num="36" type="stmt" count="4"/>
        <line num="37" type="stmt" count="4"/>
        <line num="48" type="method" name="mergeRecursive" crap="6" count="3"/>
        <line num="50" type="stmt" count="3"/>
        <line num="52" type="stmt" count="3"/>
        <line num="53" type="stmt" count="3"/>
        <line num="54" type="stmt" count="3"/>
        <line num="55" type="stmt" count="1"/>
        <line num="56" type="stmt" count="1"/>
        <line num="57" type="stmt" count="1"/>
        <line num="58" type="stmt" count="1"/>
        <line num="60" type="stmt" count="1"/>
        <line num="61" type="stmt" count="3"/>
        <line num="63" type="stmt" count="3"/>
        <line num="64" type="stmt" count="3"/>
        <line num="66" type="stmt" count="3"/>
        <line num="69" type="stmt" count="1"/>
        <metrics loc="68" ncloc="41" classes="1" methods="3" coveredmethods="3" conditionals="0" coveredconditionals="0" statements="16" coveredstatements="16" elements="19" coveredelements="19"/>
      </file>
      <file name="C:\www\zf2-form/src/StrokerForm/Renderer/RendererCollection.php">
        <class name="RendererCollection" namespace="StrokerForm\Renderer">
          <metrics methods="4" coveredmethods="4" conditionals="0" coveredconditionals="0" statements="11" coveredstatements="11" elements="15" coveredelements="15"/>
        </class>
        <line num="30" type="method" name="getRenderers" crap="1" count="3"/>
        <line num="32" type="stmt" count="3"/>
        <line num="40" type="method" name="addRenderer" crap="1" count="3"/>
        <line num="42" type="stmt" count="3"/>
        <line num="43" type="stmt" count="3"/>
        <line num="54" type="method" name="preRenderForm" crap="2" count="1"/>
        <line num="56" type="stmt" count="1"/>
        <line num="57" type="stmt" count="1"/>
        <line num="58" type="stmt" count="1"/>
        <line num="59" type="stmt" count="1"/>
        <line num="67" type="method" name="preRenderInputField" crap="2" count="1"/>
        <line num="69" type="stmt" count="1"/>
        <line num="70" type="stmt" count="1"/>
        <line num="71" type="stmt" count="1"/>
        <line num="72" type="stmt" count="1"/>
        <line num="74" type="stmt" count="1"/>
        <metrics loc="73" ncloc="37" classes="1" methods="4" coveredmethods="4" conditionals="0" coveredconditionals="0" statements="11" coveredstatements="11" elements="15" coveredelements="15"/>
      </file>
    </package>
    <package name="StrokerForm\Renderer\JqueryValidate">
      <file name="C:\www\zf2-form/src/StrokerForm/Renderer/JqueryValidate/Options.php">
        <class name="Options" namespace="StrokerForm\Renderer\JqueryValidate">
          <metrics methods="9" coveredmethods="4" conditionals="0" coveredconditionals="0" statements="14" coveredstatements="5" elements="23" coveredelements="9"/>
        </class>
        <line num="39" type="method" name="getValidateOptions" crap="1" count="13"/>
        <line num="41" type="stmt" count="13"/>
        <line num="50" type="method" name="setValidateOptions" crap="1" count="4"/>
        <line num="52" type="stmt" count="4"/>
        <line num="53" type="stmt" count="4"/>
        <line num="58" type="method" name="addValidateOption" crap="2" count="0"/>
        <line num="60" type="stmt" count="0"/>
        <line num="61" type="stmt" count="0"/>
        <line num="66" type="method" name="isUseTwitterBootstrap" crap="1" count="10"/>
        <line num="68" type="stmt" count="10"/>
        <line num="74" type="method" name="setUseTwitterBootstrap" crap="2" count="0"/>
        <line num="76" type="stmt" count="0"/>
        <line num="77" type="stmt" count="0"/>
        <line num="82" type="method" name="getInitializeTrigger" crap="1" count="10"/>
        <line num="84" type="stmt" count="10"/>
        <line num="91" type="method" name="setInitializeTrigger" crap="2" count="0"/>
        <line num="93" type="stmt" count="0"/>
        <line num="94" type="stmt" count="0"/>
        <line num="100" type="method" name="getCustomValidationRules" crap="2" count="0"/>
        <line num="102" type="stmt" count="0"/>
        <line num="109" type="method" name="setCustomValidationRules" crap="2" count="0"/>
        <line num="111" type="stmt" count="0"/>
        <line num="113" type="stmt" count="0"/>
        <line num="116" type="stmt" count="1"/>
        <metrics loc="115" ncloc="62" classes="1" methods="9" coveredmethods="4" conditionals="0" coveredconditionals="0" statements="14" coveredstatements="5" elements="23" coveredelements="9"/>
      </file>
      <file name="C:\www\zf2-form/src/StrokerForm/Renderer/JqueryValidate/Renderer.php">
        <class name="Renderer" namespace="StrokerForm\Renderer\JqueryValidate">
          <metrics methods="6" coveredmethods="6" conditionals="0" coveredconditionals="0" statements="67" coveredstatements="64" elements="73" coveredelements="70"/>
        </class>
        <line num="0" type="stmt" count="1"/>
        <line num="49" type="method" name="setRulePluginManager" crap="1" count="13"/>
        <line num="51" type="stmt" count="13"/>
        <line num="52" type="stmt" count="13"/>
        <line num="57" type="method" name="getRulePluginManager" crap="1" count="10"/>
        <line num="59" type="stmt" count="10"/>
        <line num="70" type="method" name="preRenderForm" crap="4" count="10"/>
        <line num="72" type="stmt" count="10"/>
        <line num="73" type="stmt" count="10"/>
        <line num="74" type="stmt" count="10"/>
        <line num="76" type="stmt" count="10"/>
        <line num="79" type="stmt" count="10"/>
        <line num="81" type="stmt" count="10"/>
        <line num="82" type="stmt" count="10"/>
        <line num="84" type="stmt" count="10"/>
        <line num="85" type="stmt" count="10"/>
        <line num="86" type="stmt" count="10"/>
        <line num="87" type="stmt" count="10"/>
        <line num="88" type="stmt" count="10"/>
        <line num="89" type="stmt" count="10"/>
        <line num="90" type="stmt" count="10"/>
        <line num="91" type="stmt" count="10"/>
        <line num="92" type="stmt" count="10"/>
        <line num="99" type="method" name="getInlineJavascript" crap="4" count="10"/>
        <line num="102" type="stmt" count="10"/>
        <line num="103" type="stmt" count="10"/>
        <line num="104" type="stmt" count="1"/>
        <line num="105" type="stmt" count="1"/>
        <line num="106" type="stmt" count="10"/>
        <line num="108" type="stmt" count="10"/>
        <line num="109" type="stmt" count="10"/>
        <line num="110" type="stmt" count="10"/>
        <line num="111" type="stmt" count="10"/>
        <line num="112" type="stmt" count="10"/>
        <line num="113" type="stmt" count="10"/>
        <line num="114" type="stmt" count="10"/>
        <line num="115" type="stmt" count="10"/>
        <line num="116" type="stmt" count="10"/>
        <line num="117" type="stmt" count="10"/>
        <line num="126" type="method" name="addValidationAttributesForElement" crap="7" count="10"/>
        <line num="128" type="stmt" count="10"/>
        <line num="129" type="stmt" count="0"/>
        <line num="131" type="stmt" count="10"/>
        <line num="132" type="stmt" count="10"/>
        <line num="133" type="stmt" count="10"/>
        <line num="135" type="stmt" count="10"/>
        <line num="136" type="stmt" count="10"/>
        <line num="137" type="stmt" count="10"/>
        <line num="138" type="stmt" count="10"/>
        <line num="139" type="stmt" count="10"/>
        <line num="141" type="stmt" count="1"/>
        <line num="144" type="stmt" count="1"/>
        <line num="146" type="stmt" count="1"/>
        <line num="147" type="stmt" count="1"/>
        <line num="148" type="stmt" count="1"/>
        <line num="151" type="stmt" count="10"/>
        <line num="153" type="stmt" count="10"/>
        <line num="154" type="stmt" count="10"/>
        <line num="155" type="stmt" count="10"/>
        <line num="156" type="stmt" count="10"/>
        <line num="157" type="stmt" count="10"/>
        <line num="158" type="stmt" count="10"/>
        <line num="159" type="stmt" count="10"/>
        <line num="160" type="stmt" count="10"/>
        <line num="161" type="stmt" count="10"/>
        <line num="167" type="method" name="getRule" crap="3.14" count="10"/>
        <line num="169" type="stmt" count="10"/>
        <line num="170" type="stmt" count="10"/>
        <line num="171" type="stmt" count="10"/>
        <line num="172" type="stmt" count="10"/>
        <line num="173" type="stmt" count="0"/>
        <line num="174" type="stmt" count="0"/>
        <line num="175" type="stmt" count="10"/>
        <line num="177" type="stmt" count="1"/>
        <line num="180" type="stmt" count="1"/>
        <metrics loc="179" ncloc="127" classes="1" methods="6" coveredmethods="4" conditionals="0" coveredconditionals="0" statements="67" coveredstatements="64" elements="73" coveredelements="68"/>
      </file>
    </package>
    <package name="StrokerForm\Renderer\JqueryValidate\Rule">
      <file name="C:\www\zf2-form/src/StrokerForm/Renderer/JqueryValidate/Rule/AbstractRule.php">
        <class name="AbstractRule" namespace="StrokerForm\Renderer\JqueryValidate\Rule">
          <metrics methods="8" coveredmethods="8" conditionals="0" coveredconditionals="0" statements="26" coveredstatements="24" elements="34" coveredelements="32"/>
        </class>
        <line num="0" type="stmt" count="1"/>
        <line num="40" type="method" name="translateMessage" crap="2" count="23"/>
        <line num="42" type="stmt" count="23"/>
        <line num="43" type="stmt" count="23"/>
        <line num="44" type="stmt" count="10"/>
        <line num="47" type="stmt" count="13"/>
        <line num="57" type="method" name="setTranslator" crap="2.26" count="70"/>
        <line num="59" type="stmt" count="70"/>
        <line num="61" type="stmt" count="70"/>
        <line num="62" type="stmt" count="0"/>
        <line num="63" type="stmt" count="0"/>
        <line num="65" type="stmt" count="70"/>
        <line num="73" type="method" name="getTranslator" crap="2" count="24"/>
        <line num="75" type="stmt" count="24"/>
        <line num="76" type="stmt" count="24"/>
        <line num="77" type="stmt" count="10"/>
        <line num="78" type="stmt" count="10"/>
        <line num="79" type="stmt" count="24"/>
        <line num="87" type="method" name="hasTranslator" crap="1" count="11"/>
        <line num="89" type="stmt" count="11"/>
        <line num="98" type="method" name="setTranslatorEnabled" crap="1" count="11"/>
        <line num="100" type="stmt" count="11"/>
        <line num="102" type="stmt" count="11"/>
        <line num="110" type="method" name="isTranslatorEnabled" crap="1" count="11"/>
        <line num="112" type="stmt" count="11"/>
        <line num="113" type="stmt" count="11"/>
        <line num="122" type="method" name="setTranslatorTextDomain" crap="1" count="11"/>
        <line num="124" type="stmt" count="11"/>
        <line num="126" type="stmt" count="11"/>
        <line num="134" type="method" name="getTranslatorTextDomain" crap="2" count="24"/>
        <line num="136" type="stmt" count="24"/>
        <line num="137" type="stmt" count="24"/>
        <line num="138" type="stmt" count="13"/>
        <line num="139" type="stmt" count="13"/>
        <line num="140" type="stmt" count="24"/>
        <line num="143" type="stmt" count="1"/>
        <metrics loc="142" ncloc="80" classes="1" methods="8" coveredmethods="7" conditionals="0" coveredconditionals="0" statements="26" coveredstatements="24" elements="34" coveredelements="31"/>
      </file>
      <file name="C:\www\zf2-form/src/StrokerForm/Renderer/JqueryValidate/Rule/Between.php">
        <class name="Between" namespace="StrokerForm\Renderer\JqueryValidate\Rule">
          <metrics methods="4" coveredmethods="4" conditionals="0" coveredconditionals="0" statements="5" coveredstatements="5" elements="9" coveredelements="9"/>
        </class>
        <line num="21" type="method" name="getRules" crap="1" count="3"/>
        <line num="23" type="stmt" count="3"/>
        <line num="29" type="method" name="getMessages" crap="1" count="1"/>
        <line num="33" type="stmt" count="1"/>
        <line num="34" type="stmt" count="1"/>
        <line num="41" type="method" name="getMin" crap="2" count="4"/>
        <line num="43" type="stmt" count="4"/>
        <line num="50" type="method" name="getMax" crap="2" count="4"/>
        <line num="52" type="stmt" count="4"/>
        <line num="55" type="stmt" count="1"/>
        <metrics loc="54" ncloc="32" classes="1" methods="4" coveredmethods="4" conditionals="0" coveredconditionals="0" statements="5" coveredstatements="5" elements="9" coveredelements="9"/>
      </file>
      <file name="C:\www\zf2-form/src/StrokerForm/Renderer/JqueryValidate/Rule/CreditCard.php">
        <class name="CreditCard" namespace="StrokerForm\Renderer\JqueryValidate\Rule">
          <metrics methods="2" coveredmethods="2" conditionals="0" coveredconditionals="0" statements="2" coveredstatements="2" elements="4" coveredelements="4"/>
        </class>
        <line num="21" type="method" name="getRules" crap="1" count="2"/>
        <line num="23" type="stmt" count="2"/>
        <line num="29" type="method" name="getMessages" crap="1" count="1"/>
        <line num="31" type="stmt" count="1"/>
        <line num="34" type="stmt" count="1"/>
        <metrics loc="33" ncloc="19" classes="1" methods="2" coveredmethods="2" conditionals="0" coveredconditionals="0" statements="2" coveredstatements="2" elements="4" coveredelements="4"/>
      </file>
      <file name="C:\www\zf2-form/src/StrokerForm/Renderer/JqueryValidate/Rule/Digits.php">
        <class name="Digits" namespace="StrokerForm\Renderer\JqueryValidate\Rule">
          <metrics methods="2" coveredmethods="2" conditionals="0" coveredconditionals="0" statements="2" coveredstatements="2" elements="4" coveredelements="4"/>
        </class>
        <line num="21" type="method" name="getRules" crap="1" count="2"/>
        <line num="23" type="stmt" count="2"/>
        <line num="29" type="method" name="getMessages" crap="1" count="1"/>
        <line num="31" type="stmt" count="1"/>
        <line num="34" type="stmt" count="1"/>
        <metrics loc="33" ncloc="19" classes="1" methods="2" coveredmethods="2" conditionals="0" coveredconditionals="0" statements="2" coveredstatements="2" elements="4" coveredelements="4"/>
      </file>
      <file name="C:\www\zf2-form/src/StrokerForm/Renderer/JqueryValidate/Rule/EmailAddress.php">
        <class name="EmailAddress" namespace="StrokerForm\Renderer\JqueryValidate\Rule">
          <metrics methods="2" coveredmethods="2" conditionals="0" coveredconditionals="0" statements="2" coveredstatements="2" elements="4" coveredelements="4"/>
        </class>
        <line num="21" type="method" name="getRules" crap="1" count="12"/>
        <line num="23" type="stmt" count="12"/>
        <line num="29" type="method" name="getMessages" crap="1" count="11"/>
        <line num="31" type="stmt" count="11"/>
        <line num="34" type="stmt" count="1"/>
        <metrics loc="33" ncloc="19" classes="1" methods="2" coveredmethods="2" conditionals="0" coveredconditionals="0" statements="2" coveredstatements="2" elements="4" coveredelements="4"/>
      </file>
      <file name="C:\www\zf2-form/src/StrokerForm/Renderer/JqueryValidate/Rule/GreaterThan.php">
        <class name="GreaterThan" namespace="StrokerForm\Renderer\JqueryValidate\Rule">
          <metrics methods="2" coveredmethods="2" conditionals="0" coveredconditionals="0" statements="3" coveredstatements="3" elements="5" coveredelements="5"/>
        </class>
        <line num="21" type="method" name="getRules" crap="1" count="2"/>
        <line num="23" type="stmt" count="2"/>
        <line num="29" type="method" name="getMessages" crap="1" count="1"/>
        <line num="33" type="stmt" count="1"/>
        <line num="34" type="stmt" count="1"/>
        <line num="37" type="stmt" count="1"/>
        <metrics loc="36" ncloc="22" classes="1" methods="2" coveredmethods="2" conditionals="0" coveredconditionals="0" statements="3" coveredstatements="3" elements="5" coveredelements="5"/>
      </file>
      <file name="C:\www\zf2-form/src/StrokerForm/Renderer/JqueryValidate/Rule/Identical.php">
        <class name="Identical" namespace="StrokerForm\Renderer\JqueryValidate\Rule">
          <metrics methods="2" coveredmethods="2" conditionals="0" coveredconditionals="0" statements="6" coveredstatements="6" elements="8" coveredelements="8"/>
        </class>
        <line num="21" type="method" name="getRules" crap="2" count="2"/>
        <line num="23" type="stmt" count="2"/>
        <line num="25" type="stmt" count="2"/>
        <line num="26" type="stmt" count="2"/>
        <line num="27" type="stmt" count="2"/>
        <line num="29" type="stmt" count="2"/>
        <line num="35" type="method" name="getMessages" crap="1" count="1"/>
        <line num="37" type="stmt" count="1"/>
        <line num="40" type="stmt" count="1"/>
        <metrics loc="39" ncloc="25" classes="1" methods="2" coveredmethods="2" conditionals="0" coveredconditionals="0" statements="6" coveredstatements="6" elements="8" coveredelements="8"/>
      </file>
      <file name="C:\www\zf2-form/src/StrokerForm/Renderer/JqueryValidate/Rule/InArray.php">
        <class name="InArray" namespace="StrokerForm\Renderer\JqueryValidate\Rule">
          <metrics methods="2" coveredmethods="2" conditionals="0" coveredconditionals="0" statements="5" coveredstatements="5" elements="7" coveredelements="7"/>
        </class>
        <line num="27" type="method" name="getRules" crap="2" count="3"/>
        <line num="31" type="stmt" count="3"/>
        <line num="32" type="stmt" count="1"/>
        <line num="35" type="stmt" count="2"/>
        <line num="44" type="method" name="getMessages" crap="1" count="1"/>
        <line num="48" type="stmt" count="1"/>
        <line num="49" type="stmt" count="1"/>
        <line num="52" type="stmt" count="1"/>
        <metrics loc="51" ncloc="26" classes="1" methods="2" coveredmethods="2" conditionals="0" coveredconditionals="0" statements="5" coveredstatements="5" elements="7" coveredelements="7"/>
      </file>
      <file name="C:\www\zf2-form/src/StrokerForm/Renderer/JqueryValidate/Rule/LessThan.php">
        <class name="LessThan" namespace="StrokerForm\Renderer\JqueryValidate\Rule">
          <metrics methods="2" coveredmethods="2" conditionals="0" coveredconditionals="0" statements="3" coveredstatements="3" elements="5" coveredelements="5"/>
        </class>
        <line num="21" type="method" name="getRules" crap="1" count="2"/>
        <line num="23" type="stmt" count="2"/>
        <line num="29" type="method" name="getMessages" crap="1" count="1"/>
        <line num="33" type="stmt" count="1"/>
        <line num="34" type="stmt" count="1"/>
        <line num="37" type="stmt" count="1"/>
        <metrics loc="36" ncloc="22" classes="1" methods="2" coveredmethods="2" conditionals="0" coveredconditionals="0" statements="3" coveredstatements="3" elements="5" coveredelements="5"/>
      </file>
      <file name="C:\www\zf2-form/src/StrokerForm/Renderer/JqueryValidate/Rule/NotEmpty.php">
        <class name="NotEmpty" namespace="StrokerForm\Renderer\JqueryValidate\Rule">
          <metrics methods="2" coveredmethods="2" conditionals="0" coveredconditionals="0" statements="2" coveredstatements="2" elements="4" coveredelements="4"/>
        </class>
        <line num="21" type="method" name="getRules" crap="1" count="12"/>
        <line num="23" type="stmt" count="12"/>
        <line num="29" type="method" name="getMessages" crap="1" count="11"/>
        <line num="31" type="stmt" count="11"/>
        <line num="34" type="stmt" count="1"/>
        <metrics loc="33" ncloc="19" classes="1" methods="2" coveredmethods="2" conditionals="0" coveredconditionals="0" statements="2" coveredstatements="2" elements="4" coveredelements="4"/>
      </file>
      <file name="C:\www\zf2-form/src/StrokerForm/Renderer/JqueryValidate/Rule/RulePluginManager.php">
        <class name="RulePluginManager" namespace="StrokerForm\Renderer\JqueryValidate\Rule">
          <metrics methods="3" coveredmethods="3" conditionals="0" coveredconditionals="0" statements="18" coveredstatements="16" elements="21" coveredelements="19"/>
        </class>
        <line num="46" type="method" name="__construct" crap="1" count="17"/>
        <line num="48" type="stmt" count="17"/>
        <line num="50" type="stmt" count="17"/>
        <line num="51" type="stmt" count="17"/>
        <line num="56" type="method" name="validatePlugin" crap="3" count="14"/>
        <line num="58" type="stmt" count="14"/>
        <line num="60" type="stmt" count="13"/>
        <line num="63" type="stmt" count="1"/>
        <line num="64" type="stmt" count="1"/>
        <line num="65" type="stmt" count="1"/>
        <line num="67" type="stmt" count="1"/>
        <line num="76" type="method" name="injectTranslator" crap="6.40" count="12"/>
        <line num="78" type="stmt" count="12"/>
        <line num="79" type="stmt" count="12"/>
        <line num="80" type="stmt" count="12"/>
        <line num="81" type="stmt" count="2"/>
        <line num="82" type="stmt" count="12"/>
        <line num="83" type="stmt" count="0"/>
        <line num="84" type="stmt" count="0"/>
        <line num="85" type="stmt" count="12"/>
        <line num="86" type="stmt" count="12"/>
        <metrics loc="86" ncloc="54" classes="1" methods="3" coveredmethods="2" conditionals="0" coveredconditionals="0" statements="18" coveredstatements="16" elements="21" coveredelements="18"/>
      </file>
      <file name="C:\www\zf2-form/src/StrokerForm/Renderer/JqueryValidate/Rule/StringLength.php">
        <class name="StringLength" namespace="StrokerForm\Renderer\JqueryValidate\Rule">
          <metrics methods="2" coveredmethods="2" conditionals="0" coveredconditionals="0" statements="16" coveredstatements="16" elements="18" coveredelements="18"/>
        </class>
        <line num="21" type="method" name="getRules" crap="3" count="4"/>
        <line num="23" type="stmt" count="4"/>
        <line num="24" type="stmt" count="4"/>
        <line num="25" type="stmt" count="2"/>
        <line num="26" type="stmt" count="2"/>
        <line num="27" type="stmt" count="4"/>
        <line num="28" type="stmt" count="2"/>
        <line num="29" type="stmt" count="2"/>
        <line num="31" type="stmt" count="4"/>
        <line num="37" type="method" name="getMessages" crap="3" count="3"/>
        <line num="39" type="stmt" count="3"/>
        <line num="40" type="stmt" count="3"/>
        <line num="41" type="stmt" count="2"/>
        <line num="42" type="stmt" count="2"/>
        <line num="43" type="stmt" count="3"/>
        <line num="44" type="stmt" count="2"/>
        <line num="45" type="stmt" count="2"/>
        <line num="47" type="stmt" count="3"/>
        <line num="50" type="stmt" count="1"/>
        <metrics loc="49" ncloc="35" classes="1" methods="2" coveredmethods="2" conditionals="0" coveredconditionals="0" statements="16" coveredstatements="16" elements="18" coveredelements="18"/>
      </file>
      <file name="C:\www\zf2-form/src/StrokerForm/Renderer/JqueryValidate/Rule/Uri.php">
        <class name="Uri" namespace="StrokerForm\Renderer\JqueryValidate\Rule">
          <metrics methods="2" coveredmethods="2" conditionals="0" coveredconditionals="0" statements="2" coveredstatements="2" elements="4" coveredelements="4"/>
        </class>
        <line num="21" type="method" name="getRules" crap="1" count="2"/>
        <line num="23" type="stmt" count="2"/>
        <line num="29" type="method" name="getMessages" crap="1" count="1"/>
        <line num="31" type="stmt" count="1"/>
        <line num="34" type="stmt" count="1"/>
        <metrics loc="33" ncloc="19" classes="1" methods="2" coveredmethods="2" conditionals="0" coveredconditionals="0" statements="2" coveredstatements="2" elements="4" coveredelements="4"/>
      </file>
    </package>
    <file name="C:\www\zf2-form/src/StrokerForm/Renderer/JqueryValidate/Rule/RuleInterface.php">
      <line num="36" type="stmt" count="1"/>
      <metrics loc="35" ncloc="14" classes="0" methods="0" coveredmethods="0" conditionals="0" coveredconditionals="0" statements="0" coveredstatements="0" elements="0" coveredelements="0"/>
    </file>
    <file name="C:\www\zf2-form/src/StrokerForm/Renderer/RendererInterface.php">
      <line num="54" type="stmt" count="1"/>
      <metrics loc="53" ncloc="20" classes="0" methods="0" coveredmethods="0" conditionals="0" coveredconditionals="0" statements="0" coveredstatements="0" elements="0" coveredelements="0"/>
    </file>
    <package name="StrokerFormTest">
      <file name="C:\www\zf2-form/tests/Bootstrap.php">
        <class name="Bootstrap" namespace="StrokerFormTest">
          <metrics methods="3" coveredmethods="0" conditionals="0" coveredconditionals="0" statements="33" coveredstatements="0" elements="36" coveredelements="0"/>
        </class>
        <line num="37" type="method" name="init" crap="2" count="0"/>
        <line num="39" type="stmt" count="0"/>
        <line num="40" type="stmt" count="0"/>
        <line num="47" type="method" name="initAutoloader" crap="56" count="0"/>
        <line num="49" type="stmt" count="0"/>
        <line num="51" type="stmt" count="0"/>
        <line num="52" type="stmt" count="0"/>
        <line num="54" type="stmt" count="0"/>
        <line num="57" type="stmt" count="0"/>
        <line num="59" type="stmt" count="0"/>
        <line num="60" type="stmt" count="0"/>
        <line num="63" type="stmt" count="0"/>
        <line num="64" type="stmt" count="0"/>
        <line num="65" type="stmt" count="0"/>
        <line num="66" type="stmt" count="0"/>
        <line num="67" type="stmt" count="0"/>
        <line num="68" type="stmt" count="0"/>
        <line num="71" type="stmt" count="0"/>
        <line num="72" type="stmt" count="0"/>
        <line num="74" type="stmt" count="0"/>
        <line num="76" type="stmt" count="0"/>
        <line num="77" type="stmt" count="0"/>
        <line num="78" type="stmt" count="0"/>
        <line num="79" type="stmt" count="0"/>
        <line num="81" type="stmt" count="0"/>
        <line num="83" type="stmt" count="0"/>
        <line num="91" type="method" name="findParentPath" crap="12" count="0"/>
        <line num="93" type="stmt" count="0"/>
        <line num="94" type="stmt" count="0"/>
        <line num="95" type="stmt" count="0"/>
        <line num="96" type="stmt" count="0"/>
        <line num="98" type="stmt" count="0"/>
        <line num="99" type="stmt" count="0"/>
        <line num="102" type="stmt" count="0"/>
        <line num="103" type="stmt" count="0"/>
        <line num="105" type="stmt" count="0"/>
        <metrics loc="109" ncloc="76" classes="1" methods="3" coveredmethods="0" conditionals="0" coveredconditionals="0" statements="33" coveredstatements="0" elements="36" coveredelements="0"/>
      </file>
    </package>
    <package name="Composer\Autoload">
      <file name="C:\www\zf2-form/vendor/composer/ClassLoader.php">
        <class name="ClassLoader" namespace="Composer\Autoload">
          <metrics methods="16" coveredmethods="2" conditionals="0" coveredconditionals="0" statements="129" coveredstatements="28" elements="145" coveredelements="30"/>
        </class>
        <line num="0" type="stmt" count="3"/>
        <line num="57" type="method" name="getPrefixes" crap="2" count="0"/>
        <line num="59" type="stmt" count="0"/>
        <line num="62" type="method" name="getPrefixesPsr4" crap="2" count="0"/>
        <line num="64" type="stmt" count="0"/>
        <line num="67" type="method" name="getFallbackDirs" crap="2" count="0"/>
        <line num="69" type="stmt" count="0"/>
        <line num="72" type="method" name="getFallbackDirsPsr4" crap="2" count="0"/>
        <line num="74" type="stmt" count="0"/>
        <line num="77" type="method" name="getClassMap" crap="2" count="0"/>
        <line num="79" type="stmt" count="0"/>
        <line num="85" type="method" name="addClassMap" crap="6" count="0"/>
        <line num="87" type="stmt" count="0"/>
        <line num="88" type="stmt" count="0"/>
        <line num="89" type="stmt" count="0"/>
        <line num="90" type="stmt" count="0"/>
        <line num="92" type="stmt" count="0"/>
        <line num="102" type="method" name="add" crap="30" count="0"/>
        <line num="104" type="stmt" count="0"/>
        <line num="105" type="stmt" count="0"/>
        <line num="106" type="stmt" count="0"/>
        <line num="107" type="stmt" count="0"/>
        <line num="108" type="stmt" count="0"/>
        <line num="109" type="stmt" count="0"/>
        <line num="110" type="stmt" count="0"/>
        <line num="111" type="stmt" count="0"/>
        <line num="112" type="stmt" count="0"/>
        <line num="114" type="stmt" count="0"/>
        <line num="117" type="stmt" count="0"/>
        <line num="120" type="stmt" count="0"/>
        <line num="121" type="stmt" count="0"/>
        <line num="122" type="stmt" count="0"/>
        <line num="124" type="stmt" count="0"/>
        <line num="126" type="stmt" count="0"/>
        <line num="127" type="stmt" count="0"/>
        <line num="128" type="stmt" count="0"/>
        <line num="129" type="stmt" count="0"/>
        <line num="130" type="stmt" count="0"/>
        <line num="131" type="stmt" count="0"/>
        <line num="132" type="stmt" count="0"/>
        <line num="133" type="stmt" count="0"/>
        <line num="135" type="stmt" count="0"/>
        <line num="137" type="stmt" count="0"/>
        <line num="147" type="method" name="addPsr4" crap="42" count="0"/>
        <line num="149" type="stmt" count="0"/>
        <line num="151" type="stmt" count="0"/>
        <line num="152" type="stmt" count="0"/>
        <line num="153" type="stmt" count="0"/>
        <line num="154" type="stmt" count="0"/>
        <line num="155" type="stmt" count="0"/>
        <line num="156" type="stmt" count="0"/>
        <line num="157" type="stmt" count="0"/>
        <line num="158" type="stmt" count="0"/>
        <line num="160" type="stmt" count="0"/>
        <line num="162" type="stmt" count="0"/>
        <line num="164" type="stmt" count="0"/>
        <line num="165" type="stmt" count="0"/>
        <line num="166" type="stmt" count="0"/>
        <line num="168" type="stmt" count="0"/>
        <line num="169" type="stmt" count="0"/>
        <line num="170" type="stmt" count="0"/>
        <line num="172" type="stmt" count="0"/>
        <line num="173" type="stmt" count="0"/>
        <line num="174" type="stmt" count="0"/>
        <line num="175" type="stmt" count="0"/>
        <line num="176" type="stmt" count="0"/>
        <line num="178" type="stmt" count="0"/>
        <line num="179" type="stmt" count="0"/>
        <line num="181" type="stmt" count="0"/>
        <line num="183" type="stmt" count="0"/>
        <line num="192" type="method" name="set" crap="6" count="0"/>
        <line num="194" type="stmt" count="0"/>
        <line num="195" type="stmt" count="0"/>
        <line num="196" type="stmt" count="0"/>
        <line num="197" type="stmt" count="0"/>
        <line num="199" type="stmt" count="0"/>
        <line num="208" type="method" name="setPsr4" crap="12" count="0"/>
        <line num="209" type="stmt" count="0"/>
        <line num="210" type="stmt" count="0"/>
        <line num="211" type="stmt" count="0"/>
        <line num="212" type="stmt" count="0"/>
        <line num="213" type="stmt" count="0"/>
        <line num="214" type="stmt" count="0"/>
        <line num="216" type="stmt" count="0"/>
        <line num="217" type="stmt" count="0"/>
        <line num="219" type="stmt" count="0"/>
        <line num="226" type="method" name="setUseIncludePath" crap="2" count="0"/>
        <line num="228" type="stmt" count="0"/>
        <line num="229" type="stmt" count="0"/>
        <line num="237" type="method" name="getUseIncludePath" crap="2" count="0"/>
        <line num="239" type="stmt" count="0"/>
        <line num="247" type="method" name="register" crap="2" count="0"/>
        <line num="249" type="stmt" count="0"/>
        <line num="250" type="stmt" count="0"/>
        <line num="255" type="method" name="unregister" crap="2" count="0"/>
        <line num="257" type="stmt" count="0"/>
        <line num="258" type="stmt" count="0"/>
        <line num="266" type="method" name="loadClass" crap="2" count="23"/>
        <line num="268" type="stmt" count="23"/>
        <line num="269" type="stmt" count="17"/>
        <line num="271" type="stmt" count="17"/>
        <line num="273" type="stmt" count="13"/>
        <line num="282" type="method" name="findFile" crap="54.51" count="23"/>
        <line num="285" type="stmt" count="23"/>
        <line num="286" type="stmt" count="0"/>
        <line num="287" type="stmt" count="0"/>
        <line num="290" type="stmt" count="23"/>
        <line num="291" type="stmt" count="0"/>
        <line num="295" type="stmt" count="23"/>
        <line num="297" type="stmt" count="23"/>
        <line num="298" type="stmt" count="23"/>
        <line num="299" type="stmt" count="0"/>
        <line num="300" type="stmt" count="0"/>
        <line num="301" type="stmt" count="0"/>
        <line num="302" type="stmt" count="0"/>
        <line num="303" type="stmt" count="0"/>
        <line num="305" type="stmt" count="0"/>
        <line num="306" type="stmt" count="0"/>
        <line num="307" type="stmt" count="0"/>
        <line num="308" type="stmt" count="0"/>
        <line num="311" type="stmt" count="23"/>
        <line num="312" type="stmt" count="0"/>
        <line num="313" type="stmt" count="0"/>
        <line num="315" type="stmt" count="23"/>
        <line num="318" type="stmt" count="23"/>
        <line num="320" type="stmt" count="17"/>
        <line num="321" type="stmt" count="17"/>
        <line num="322" type="stmt" count="17"/>
        <line num="324" type="stmt" count="13"/>
        <line num="327" type="stmt" count="23"/>
        <line num="328" type="stmt" count="23"/>
        <line num="329" type="stmt" count="23"/>
        <line num="330" type="stmt" count="17"/>
        <line num="331" type="stmt" count="17"/>
        <line num="332" type="stmt" count="17"/>
        <line num="334" type="stmt" count="0"/>
        <line num="335" type="stmt" count="0"/>
        <line num="336" type="stmt" count="19"/>
        <line num="337" type="stmt" count="13"/>
        <line num="340" type="stmt" count="13"/>
        <line num="341" type="stmt" count="0"/>
        <line num="342" type="stmt" count="0"/>
        <line num="344" type="stmt" count="13"/>
        <line num="347" type="stmt" count="13"/>
        <line num="348" type="stmt" count="0"/>
        <line num="352" type="stmt" count="13"/>
        <line num="363" type="stmt" count="17"/>
        <line num="364" type="stmt" count="17"/>
        <metrics loc="364" ncloc="225" classes="1" methods="16" coveredmethods="1" conditionals="0" coveredconditionals="0" statements="131" coveredstatements="30" elements="147" coveredelements="31"/>
      </file>
    </package>
    <file name="C:\www\zf2-form/vendor/composer/autoload_real.php">
      <class name="ComposerAutoloaderInit824fb9d180846707d55efe82e29cf045" namespace="global">
        <metrics methods="2" coveredmethods="0" conditionals="0" coveredconditionals="0" statements="25" coveredstatements="0" elements="27" coveredelements="0"/>
      </class>
      <line num="9" type="method" name="loadClassLoader" crap="6" count="0"/>
      <line num="11" type="stmt" count="0"/>
      <line num="12" type="stmt" count="0"/>
      <line num="13" type="stmt" count="0"/>
      <line num="14" type="stmt" count="0"/>
      <line num="16" type="method" name="getLoader" crap="30" count="0"/>
      <line num="18" type="stmt" count="0"/>
      <line num="19" type="stmt" count="0"/>
      <line num="22" type="stmt" count="0"/>
      <line num="23" type="stmt" count="0"/>
      <line num="24" type="stmt" count="0"/>
      <line num="26" type="stmt" count="0"/>
      <line num="27" type="stmt" count="0"/>
      <line num="29" type="stmt" count="0"/>
      <line num="30" type="stmt" count="0"/>
      <line num="31" type="stmt" count="0"/>
      <line num="32" type="stmt" count="0"/>
      <line num="34" type="stmt" count="0"/>
      <line num="35" type="stmt" count="0"/>
      <line num="36" type="stmt" count="0"/>
      <line num="37" type="stmt" count="0"/>
      <line num="39" type="stmt" count="0"/>
      <line num="40" type="stmt" count="0"/>
      <line num="41" type="stmt" count="0"/>
      <line num="42" type="stmt" count="0"/>
      <line num="44" type="stmt" count="0"/>
      <line num="46" type="stmt" count="0"/>
      <line num="52" type="stmt" count="0"/>
      <line num="53" type="stmt" count="0"/>
      <metrics loc="53" ncloc="51" classes="1" methods="2" coveredmethods="0" conditionals="0" coveredconditionals="0" statements="27" coveredstatements="0" elements="29" coveredelements="0"/>
    </file>
    <file name="C:\www\zf2-form/vendor/mockery/mockery/library/Mockery.php">
      <class name="Mockery" namespace="global">
        <metrics methods="36" coveredmethods="9" conditionals="0" coveredconditionals="0" statements="190" coveredstatements="52" elements="226" coveredelements="61"/>
      </class>
      <line num="0" type="stmt" count="2"/>
      <line num="67" type="method" name="mock" crap="1" count="16"/>
      <line num="69" type="stmt" count="16"/>
      <line num="70" type="stmt" count="16"/>
      <line num="73" type="method" name="instanceMock" crap="2" count="0"/>
      <line num="75" type="stmt" count="0"/>
      <line num="76" type="stmt" count="0"/>
      <line num="85" type="method" name="namedMock" crap="2" count="0"/>
      <line num="87" type="stmt" count="0"/>
      <line num="88" type="stmt" count="0"/>
      <line num="89" type="stmt" count="0"/>
      <line num="90" type="stmt" count="0"/>
      <line num="91" type="stmt" count="0"/>
      <line num="92" type="stmt" count="0"/>
      <line num="100" type="method" name="self" crap="6" count="0"/>
      <line num="102" type="stmt" count="0"/>
      <line num="103" type="stmt" count="0"/>
      <line num="106" type="stmt" count="0"/>
      <line num="115" type="method" name="close" crap="6" count="0"/>
      <line num="117" type="stmt" count="0"/>
      <line num="118" type="stmt" count="0"/>
      <line num="119" type="stmt" count="0"/>
      <line num="120" type="stmt" count="0"/>
      <line num="121" type="stmt" count="0"/>
      <line num="126" type="method" name="fetchMock" crap="2" count="0"/>
      <line num="128" type="stmt" count="0"/>
      <line num="134" type="method" name="getContainer" crap="2" count="16"/>
      <line num="136" type="stmt" count="16"/>
      <line num="137" type="stmt" count="15"/>
      <line num="140" type="stmt" count="1"/>
      <line num="143" type="method" name="setGenerator" crap="2" count="0"/>
      <line num="145" type="stmt" count="0"/>
      <line num="146" type="stmt" count="0"/>
      <line num="148" type="method" name="getGenerator" crap="2.06" count="1"/>
      <line num="150" type="stmt" count="1"/>
      <line num="151" type="stmt" count="0"/>
      <line num="154" type="stmt" count="1"/>
      <line num="156" type="stmt" count="1"/>
      <line num="159" type="method" name="getDefaultGenerator" crap="1" count="1"/>
      <line num="161" type="stmt" count="1"/>
      <line num="162" type="stmt" count="1"/>
      <line num="163" type="stmt" count="1"/>
      <line num="164" type="stmt" count="1"/>
      <line num="165" type="stmt" count="1"/>
      <line num="166" type="stmt" count="1"/>
      <line num="167" type="stmt" count="1"/>
      <line num="168" type="stmt" count="1"/>
      <line num="169" type="stmt" count="1"/>
      <line num="171" type="stmt" count="1"/>
      <line num="173" type="stmt" count="1"/>
      <line num="176" type="method" name="setLoader" crap="2" count="0"/>
      <line num="178" type="stmt" count="0"/>
      <line num="179" type="stmt" count="0"/>
      <line num="181" type="method" name="getLoader" crap="2.06" count="1"/>
      <line num="183" type="stmt" count="1"/>
      <line num="184" type="stmt" count="0"/>
      <line num="187" type="stmt" count="1"/>
      <line num="189" type="stmt" count="1"/>
      <line num="192" type="method" name="getDefaultLoader" crap="1" count="1"/>
      <line num="194" type="stmt" count="1"/>
      <line num="201" type="method" name="setContainer" crap="2" count="0"/>
      <line num="203" type="stmt" count="0"/>
      <line num="209" type="method" name="resetContainer" crap="2" count="0"/>
      <line num="211" type="stmt" count="0"/>
      <line num="212" type="stmt" count="0"/>
      <line num="219" type="method" name="any" crap="2" count="0"/>
      <line num="221" type="stmt" count="0"/>
      <line num="222" type="stmt" count="0"/>
      <line num="230" type="method" name="type" crap="2" count="0"/>
      <line num="232" type="stmt" count="0"/>
      <line num="233" type="stmt" count="0"/>
      <line num="241" type="method" name="ducktype" crap="2" count="0"/>
      <line num="243" type="stmt" count="0"/>
      <line num="244" type="stmt" count="0"/>
      <line num="252" type="method" name="subset" crap="2" count="0"/>
      <line num="254" type="stmt" count="0"/>
      <line num="255" type="stmt" count="0"/>
      <line num="263" type="method" name="contains" crap="2" count="0"/>
      <line num="265" type="stmt" count="0"/>
      <line num="266" type="stmt" count="0"/>
      <line num="274" type="method" name="hasKey" crap="2" count="0"/>
      <line num="276" type="stmt" count="0"/>
      <line num="277" type="stmt" count="0"/>
      <line num="285" type="method" name="hasValue" crap="2" count="0"/>
      <line num="287" type="stmt" count="0"/>
      <line num="288" type="stmt" count="0"/>
      <line num="296" type="method" name="on" crap="2" count="0"/>
      <line num="298" type="stmt" count="0"/>
      <line num="299" type="stmt" count="0"/>
      <line num="307" type="method" name="mustBe" crap="2" count="0"/>
      <line num="309" type="stmt" count="0"/>
      <line num="310" type="stmt" count="0"/>
      <line num="318" type="method" name="not" crap="2" count="0"/>
      <line num="320" type="stmt" count="0"/>
      <line num="321" type="stmt" count="0"/>
      <line num="329" type="method" name="anyOf" crap="2" count="0"/>
      <line num="331" type="stmt" count="0"/>
      <line num="332" type="stmt" count="0"/>
      <line num="340" type="method" name="notAnyOf" crap="2" count="0"/>
      <line num="342" type="stmt" count="0"/>
      <line num="343" type="stmt" count="0"/>
      <line num="349" type="method" name="getConfiguration" crap="2" count="16"/>
      <line num="351" type="stmt" count="16"/>
      <line num="352" type="stmt" count="1"/>
      <line num="353" type="stmt" count="1"/>
      <line num="354" type="stmt" count="16"/>
      <line num="364" type="method" name="formatArgs" crap="132" count="0"/>
      <line num="366" type="stmt" count="0"/>
      <line num="367" type="stmt" count="0"/>
      <line num="368" type="stmt" count="0"/>
      <line num="369" type="stmt" count="0"/>
      <line num="370" type="stmt" count="0"/>
      <line num="371" type="stmt" count="0"/>
      <line num="372" type="stmt" count="0"/>
      <line num="373" type="stmt" count="0"/>
      <line num="374" type="stmt" count="0"/>
      <line num="375" type="stmt" count="0"/>
      <line num="376" type="stmt" count="0"/>
      <line num="377" type="stmt" count="0"/>
      <line num="378" type="stmt" count="0"/>
      <line num="379" type="stmt" count="0"/>
      <line num="380" type="stmt" count="0"/>
      <line num="382" type="stmt" count="0"/>
      <line num="385" type="stmt" count="0"/>
      <line num="386" type="stmt" count="0"/>
      <line num="387" type="stmt" count="0"/>
      <line num="396" type="method" name="formatObjects" crap="56" count="0"/>
      <line num="398" type="stmt" count="0"/>
      <line num="400" type="stmt" count="0"/>
      <line num="401" type="stmt" count="0"/>
      <line num="402" type="stmt" count="0"/>
      <line num="403" type="stmt" count="0"/>
      <line num="404" type="stmt" count="0"/>
      <line num="405" type="stmt" count="0"/>
      <line num="406" type="stmt" count="0"/>
      <line num="407" type="stmt" count="0"/>
      <line num="408" type="stmt" count="0"/>
      <line num="409" type="stmt" count="0"/>
      <line num="410" type="stmt" count="0"/>
      <line num="411" type="stmt" count="0"/>
      <line num="412" type="stmt" count="0"/>
      <line num="413" type="stmt" count="0"/>
      <line num="414" type="stmt" count="0"/>
      <line num="415" type="stmt" count="0"/>
      <line num="416" type="stmt" count="0"/>
      <line num="417" type="stmt" count="0"/>
      <line num="427" type="method" name="_objectToArray" crap="110" count="0"/>
      <line num="429" type="stmt" count="0"/>
      <line num="430" type="stmt" count="0"/>
      <line num="432" type="stmt" count="0"/>
      <line num="433" type="stmt" count="0"/>
      <line num="434" type="stmt" count="0"/>
      <line num="435" type="stmt" count="0"/>
      <line num="436" type="stmt" count="0"/>
      <line num="437" type="stmt" count="0"/>
      <line num="438" type="stmt" count="0"/>
      <line num="440" type="stmt" count="0"/>
      <line num="441" type="stmt" count="0"/>
      <line num="442" type="stmt" count="0"/>
      <line num="443" type="stmt" count="0"/>
      <line num="444" type="stmt" count="0"/>
      <line num="445" type="stmt" count="0"/>
      <line num="447" type="stmt" count="0"/>
      <line num="448" type="stmt" count="0"/>
      <line num="449" type="stmt" count="0"/>
      <line num="451" type="stmt" count="0"/>
      <line num="452" type="stmt" count="0"/>
      <line num="453" type="stmt" count="0"/>
      <line num="456" type="method" name="_cleanupNesting" crap="12" count="0"/>
      <line num="458" type="stmt" count="0"/>
      <line num="459" type="stmt" count="0"/>
      <line num="460" type="stmt" count="0"/>
      <line num="461" type="stmt" count="0"/>
      <line num="462" type="stmt" count="0"/>
      <line num="463" type="stmt" count="0"/>
      <line num="465" type="stmt" count="0"/>
      <line num="468" type="method" name="_cleanupArray" crap="30" count="0"/>
      <line num="470" type="stmt" count="0"/>
      <line num="471" type="stmt" count="0"/>
      <line num="473" type="stmt" count="0"/>
      <line num="474" type="stmt" count="0"/>
      <line num="475" type="stmt" count="0"/>
      <line num="476" type="stmt" count="0"/>
      <line num="477" type="stmt" count="0"/>
      <line num="478" type="stmt" count="0"/>
      <line num="479" type="stmt" count="0"/>
      <line num="480" type="stmt" count="0"/>
      <line num="491" type="method" name="parseShouldReturnArgs" crap="5.73" count="15"/>
      <line num="493" type="stmt" count="15"/>
      <line num="494" type="stmt" count="15"/>
      <line num="495" type="stmt" count="15"/>
      <line num="496" type="stmt" count="0"/>
      <line num="497" type="stmt" count="0"/>
      <line num="498" type="stmt" count="0"/>
      <line num="499" type="stmt" count="0"/>
      <line num="500" type="stmt" count="15"/>
      <line num="501" type="stmt" count="15"/>
      <line num="502" type="stmt" count="15"/>
      <line num="503" type="stmt" count="15"/>
      <line num="504" type="stmt" count="15"/>
      <line num="505" type="stmt" count="15"/>
      <line num="517" type="method" name="_buildDemeterChain" crap="13.70" count="15"/>
      <line num="519" type="stmt" count="15"/>
      <line num="520" type="stmt" count="15"/>
      <line num="521" type="stmt" count="15"/>
      <line num="522" type="stmt" count="15"/>
      <line num="523" type="stmt" count="15"/>
      <line num="524" type="stmt" count="15"/>
      <line num="525" type="stmt" count="0"/>
      <line num="527" type="stmt" count="0"/>
      <line num="528" type="stmt" count="0"/>
      <line num="529" type="stmt" count="0"/>
      <line num="531" type="stmt" count="15"/>
      <line num="533" type="stmt" count="15"/>
      <line num="534" type="stmt" count="15"/>
      <line num="535" type="stmt" count="15"/>
      <line num="536" type="stmt" count="15"/>
      <line num="537" type="stmt" count="15"/>
      <line num="538" type="stmt" count="15"/>
      <line num="539" type="stmt" count="15"/>
      <line num="540" type="stmt" count="15"/>
      <line num="541" type="stmt" count="15"/>
      <line num="542" type="stmt" count="0"/>
      <line num="543" type="stmt" count="0"/>
      <line num="544" type="stmt" count="0"/>
      <line num="545" type="stmt" count="0"/>
      <line num="551" type="stmt" count="1"/>
      <metrics loc="550" ncloc="380" classes="1" methods="35" coveredmethods="5" conditionals="0" coveredconditionals="0" statements="190" coveredstatements="52" elements="225" coveredelements="57"/>
    </file>
    <package name="Mockery">
      <file name="C:\www\zf2-form/vendor/mockery/mockery/library/Mockery/CompositeExpectation.php">
        <class name="CompositeExpectation" namespace="Mockery">
          <metrics methods="7" coveredmethods="3" conditionals="0" coveredconditionals="0" statements="24" coveredstatements="9" elements="31" coveredelements="12"/>
        </class>
        <line num="39" type="method" name="add" crap="1" count="15"/>
        <line num="41" type="stmt" count="15"/>
        <line num="42" type="stmt" count="15"/>
        <line num="51" type="method" name="__call" crap="2" count="15"/>
        <line num="53" type="stmt" count="15"/>
        <line num="54" type="stmt" count="15"/>
        <line num="55" type="stmt" count="15"/>
        <line num="56" type="stmt" count="15"/>
        <line num="64" type="method" name="getOrderNumber" crap="2" count="0"/>
        <line num="66" type="stmt" count="0"/>
        <line num="67" type="stmt" count="0"/>
        <line num="68" type="stmt" count="0"/>
        <line num="76" type="method" name="getMock" crap="1" count="13"/>
        <line num="78" type="stmt" count="13"/>
        <line num="79" type="stmt" count="13"/>
        <line num="80" type="stmt" count="13"/>
        <line num="88" type="method" name="mock" crap="2" count="0"/>
        <line num="90" type="stmt" count="0"/>
        <line num="99" type="method" name="shouldReceive" crap="2" count="0"/>
        <line num="101" type="stmt" count="0"/>
        <line num="102" type="stmt" count="0"/>
        <line num="103" type="stmt" count="0"/>
        <line num="104" type="stmt" count="0"/>
        <line num="112" type="method" name="__toString" crap="6" count="0"/>
        <line num="114" type="stmt" count="0"/>
        <line num="115" type="stmt" count="0"/>
        <line num="116" type="stmt" count="0"/>
        <line num="117" type="stmt" count="0"/>
        <line num="118" type="stmt" count="0"/>
        <line num="119" type="stmt" count="0"/>
        <line num="120" type="stmt" count="0"/>
        <line num="124" type="stmt" count="1"/>
        <metrics loc="123" ncloc="61" classes="1" methods="7" coveredmethods="3" conditionals="0" coveredconditionals="0" statements="24" coveredstatements="9" elements="31" coveredelements="12"/>
      </file>
      <file name="C:\www\zf2-form/vendor/mockery/mockery/library/Mockery/Configuration.php">
        <class name="Configuration" namespace="Mockery">
          <metrics methods="8" coveredmethods="2" conditionals="0" coveredconditionals="0" statements="17" coveredstatements="2" elements="25" coveredelements="4"/>
        </class>
        <line num="56" type="method" name="allowMockingNonExistentMethods" crap="2" count="0"/>
        <line num="58" type="stmt" count="0"/>
        <line num="59" type="stmt" count="0"/>
        <line num="66" type="method" name="mockingNonExistentMethodsAllowed" crap="1" count="16"/>
        <line num="68" type="stmt" count="16"/>
        <line num="76" type="method" name="allowMockingMethodsUnnecessarily" crap="2" count="0"/>
        <line num="78" type="stmt" count="0"/>
        <line num="79" type="stmt" count="0"/>
        <line num="86" type="method" name="mockingMethodsUnnecessarilyAllowed" crap="2" count="0"/>
        <line num="88" type="stmt" count="0"/>
        <line num="99" type="method" name="setInternalClassMethodParamMap" crap="6" count="0"/>
        <line num="101" type="stmt" count="0"/>
        <line num="102" type="stmt" count="0"/>
        <line num="103" type="stmt" count="0"/>
        <line num="104" type="stmt" count="0"/>
        <line num="105" type="stmt" count="0"/>
        <line num="110" type="method" name="resetInternalClassMethodParamMaps" crap="2" count="0"/>
        <line num="112" type="stmt" count="0"/>
        <line num="113" type="stmt" count="0"/>
        <line num="120" type="method" name="getInternalClassMethodParamMap" crap="6" count="0"/>
        <line num="122" type="stmt" count="0"/>
        <line num="123" type="stmt" count="0"/>
        <line num="125" type="stmt" count="0"/>
        <line num="127" type="method" name="getInternalClassMethodParamMaps" crap="1" count="16"/>
        <line num="129" type="stmt" count="16"/>
        <line num="133" type="stmt" count="1"/>
        <metrics loc="132" ncloc="59" classes="1" methods="8" coveredmethods="2" conditionals="0" coveredconditionals="0" statements="17" coveredstatements="2" elements="25" coveredelements="4"/>
      </file>
      <file name="C:\www\zf2-form/vendor/mockery/mockery/library/Mockery/Container.php">
        <class name="Container" namespace="Mockery">
          <metrics methods="22" coveredmethods="7" conditionals="0" coveredconditionals="0" statements="196" coveredstatements="57" elements="218" coveredelements="64"/>
        </class>
        <line num="0" type="stmt" count="3"/>
        <line num="74" type="method" name="__construct" crap="3" count="1"/>
        <line num="76" type="stmt" count="1"/>
        <line num="77" type="stmt" count="1"/>
        <line num="78" type="stmt" count="1"/>
        <line num="90" type="method" name="mock" crap="430.22" count="16"/>
        <line num="92" type="stmt" count="16"/>
        <line num="93" type="stmt" count="16"/>
        <line num="94" type="stmt" count="16"/>
        <line num="95" type="stmt" count="16"/>
        <line num="96" type="stmt" count="16"/>
        <line num="98" type="stmt" count="16"/>
        <line num="99" type="stmt" count="0"/>
        <line num="100" type="stmt" count="0"/>
        <line num="101" type="stmt" count="0"/>
        <line num="102" type="stmt" count="0"/>
        <line num="103" type="stmt" count="0"/>
        <line num="104" type="stmt" count="0"/>
        <line num="106" type="stmt" count="16"/>
        <line num="108" type="stmt" count="16"/>
        <line num="109" type="stmt" count="16"/>
        <line num="110" type="stmt" count="0"/>
        <line num="111" type="stmt" count="0"/>
        <line num="112" type="stmt" count="0"/>
        <line num="113" type="stmt" count="16"/>
        <line num="114" type="stmt" count="16"/>
        <line num="116" type="stmt" count="16"/>
        <line num="118" type="stmt" count="16"/>
        <line num="119" type="stmt" count="16"/>
        <line num="121" type="stmt" count="16"/>
        <line num="122" type="stmt" count="0"/>
        <line num="123" type="stmt" count="0"/>
        <line num="124" type="stmt" count="0"/>
        <line num="125" type="stmt" count="0"/>
        <line num="128" type="stmt" count="0"/>
        <line num="129" type="stmt" count="0"/>
        <line num="130" type="stmt" count="0"/>
        <line num="132" type="stmt" count="0"/>
        <line num="133" type="stmt" count="0"/>
        <line num="134" type="stmt" count="0"/>
        <line num="136" type="stmt" count="0"/>
        <line num="137" type="stmt" count="16"/>
        <line num="138" type="stmt" count="0"/>
        <line num="139" type="stmt" count="0"/>
        <line num="140" type="stmt" count="0"/>
        <line num="141" type="stmt" count="0"/>
        <line num="142" type="stmt" count="0"/>
        <line num="143" type="stmt" count="16"/>
        <line num="144" type="stmt" count="0"/>
        <line num="145" type="stmt" count="0"/>
        <line num="146" type="stmt" count="0"/>
        <line num="147" type="stmt" count="0"/>
        <line num="148" type="stmt" count="0"/>
        <line num="149" type="stmt" count="0"/>
        <line num="150" type="stmt" count="16"/>
        <line num="151" type="stmt" count="0"/>
        <line num="152" type="stmt" count="0"/>
        <line num="153" type="stmt" count="0"/>
        <line num="154" type="stmt" count="0"/>
        <line num="156" type="stmt" count="0"/>
        <line num="157" type="stmt" count="0"/>
        <line num="158" type="stmt" count="0"/>
        <line num="159" type="stmt" count="0"/>
        <line num="160" type="stmt" count="0"/>
        <line num="161" type="stmt" count="0"/>
        <line num="162" type="stmt" count="0"/>
        <line num="163" type="stmt" count="16"/>
        <line num="164" type="stmt" count="16"/>
        <line num="165" type="stmt" count="16"/>
        <line num="166" type="stmt" count="16"/>
        <line num="167" type="stmt" count="0"/>
        <line num="168" type="stmt" count="0"/>
        <line num="169" type="stmt" count="0"/>
        <line num="170" type="stmt" count="0"/>
        <line num="171" type="stmt" count="0"/>
        <line num="172" type="stmt" count="0"/>
        <line num="173" type="stmt" count="0"/>
        <line num="174" type="stmt" count="0"/>
        <line num="175" type="stmt" count="0"/>
        <line num="177" type="stmt" count="0"/>
        <line num="178" type="stmt" count="0"/>
        <line num="179" type="stmt" count="0"/>
        <line num="180" type="stmt" count="0"/>
        <line num="181" type="stmt" count="0"/>
        <line num="182" type="stmt" count="0"/>
        <line num="185" type="stmt" count="0"/>
        <line num="187" type="stmt" count="0"/>
        <line num="188" type="stmt" count="0"/>
        <line num="191" type="stmt" count="16"/>
        <line num="193" type="stmt" count="16"/>
        <line num="195" type="stmt" count="0"/>
        <line num="197" type="stmt" count="16"/>
        <line num="198" type="stmt" count="0"/>
        <line num="199" type="stmt" count="0"/>
        <line num="201" type="stmt" count="16"/>
        <line num="203" type="stmt" count="16"/>
        <line num="205" type="stmt" count="16"/>
        <line num="207" type="stmt" count="16"/>
        <line num="208" type="stmt" count="16"/>
        <line num="210" type="stmt" count="0"/>
        <line num="213" type="stmt" count="16"/>
        <line num="215" type="stmt" count="16"/>
        <line num="216" type="stmt" count="16"/>
        <line num="218" type="stmt" count="16"/>
        <line num="219" type="stmt" count="0"/>
        <line num="220" type="stmt" count="0"/>
        <line num="221" type="stmt" count="16"/>
        <line num="222" type="stmt" count="0"/>
        <line num="223" type="stmt" count="0"/>
        <line num="224" type="stmt" count="16"/>
        <line num="225" type="stmt" count="16"/>
        <line num="228" type="method" name="instanceMock" crap="2" count="0"/>
        <line num="231" type="stmt" count="0"/>
        <line num="233" type="method" name="getLoader" crap="1" count="16"/>
        <line num="235" type="stmt" count="16"/>
        <line num="238" type="method" name="getGenerator" crap="1" count="16"/>
        <line num="240" type="stmt" count="16"/>
        <line num="248" type="method" name="mockery_teardown" crap="6" count="0"/>
        <line num="251" type="stmt" count="0"/>
        <line num="252" type="stmt" count="0"/>
        <line num="253" type="stmt" count="0"/>
        <line num="254" type="stmt" count="0"/>
        <line num="256" type="stmt" count="0"/>
        <line num="263" type="method" name="mockery_verify" crap="6" count="0"/>
        <line num="265" type="stmt" count="0"/>
        <line num="266" type="stmt" count="0"/>
        <line num="267" type="stmt" count="0"/>
        <line num="268" type="stmt" count="0"/>
        <line num="275" type="method" name="mockery_close" crap="6" count="0"/>
        <line num="277" type="stmt" count="0"/>
        <line num="278" type="stmt" count="0"/>
        <line num="279" type="stmt" count="0"/>
        <line num="280" type="stmt" count="0"/>
        <line num="281" type="stmt" count="0"/>
        <line num="288" type="method" name="mockery_allocateOrder" crap="2" count="0"/>
        <line num="290" type="stmt" count="0"/>
        <line num="291" type="stmt" count="0"/>
        <line num="300" type="method" name="mockery_setGroup" crap="2" count="0"/>
        <line num="302" type="stmt" count="0"/>
        <line num="303" type="stmt" count="0"/>
        <line num="310" type="method" name="mockery_getGroups" crap="2" count="0"/>
        <line num="312" type="stmt" count="0"/>
        <line num="321" type="method" name="mockery_setCurrentOrder" crap="2" count="0"/>
        <line num="323" type="stmt" count="0"/>
        <line num="324" type="stmt" count="0"/>
        <line num="332" type="method" name="mockery_getCurrentOrder" crap="2" count="0"/>
        <line num="334" type="stmt" count="0"/>
        <line num="345" type="method" name="mockery_validateOrder" crap="6" count="0"/>
        <line num="347" type="stmt" count="0"/>
        <line num="348" type="stmt" count="0"/>
        <line num="349" type="stmt" count="0"/>
        <line num="350" type="stmt" count="0"/>
        <line num="351" type="stmt" count="0"/>
        <line num="352" type="stmt" count="0"/>
        <line num="353" type="stmt" count="0"/>
        <line num="354" type="stmt" count="0"/>
        <line num="355" type="stmt" count="0"/>
        <line num="356" type="stmt" count="0"/>
        <line num="358" type="stmt" count="0"/>
        <line num="359" type="stmt" count="0"/>
        <line num="366" type="method" name="mockery_getExpectationCount" crap="6" count="0"/>
        <line num="368" type="stmt" count="0"/>
        <line num="369" type="stmt" count="0"/>
        <line num="370" type="stmt" count="0"/>
        <line num="371" type="stmt" count="0"/>
        <line num="372" type="stmt" count="0"/>
        <line num="381" type="method" name="rememberMock" crap="2" count="16"/>
        <line num="383" type="stmt" count="16"/>
        <line num="384" type="stmt" count="3"/>
        <line num="385" type="stmt" count="3"/>
        <line num="390" type="stmt" count="14"/>
        <line num="392" type="stmt" count="16"/>
        <line num="403" type="method" name="self" crap="2" count="0"/>
        <line num="405" type="stmt" count="0"/>
        <line num="406" type="stmt" count="0"/>
        <line num="407" type="stmt" count="0"/>
        <line num="416" type="method" name="fetchMock" crap="6" count="0"/>
        <line num="418" type="stmt" count="0"/>
        <line num="419" type="stmt" count="0"/>
        <line num="421" type="method" name="_getInstance" crap="3.02" count="16"/>
        <line num="423" type="stmt" count="16"/>
        <line num="425" type="stmt" count="16"/>
        <line num="426" type="stmt" count="16"/>
        <line num="427" type="stmt" count="16"/>
        <line num="430" type="stmt" count="15"/>
        <line num="431" type="stmt" count="0"/>
        <line num="434" type="stmt" count="15"/>
        <line num="435" type="stmt" count="15"/>
        <line num="443" type="method" name="declareClass" crap="12" count="0"/>
        <line num="445" type="stmt" count="0"/>
        <line num="446" type="stmt" count="0"/>
        <line num="449" type="stmt" count="0"/>
        <line num="451" type="stmt" count="0"/>
        <line num="452" type="method" name="anonymous function" crap="2" count="0"/>
        <line num="453" type="stmt" count="0"/>
        <line num="454" type="stmt" count="0"/>
        <line num="455" type="stmt" count="0"/>
        <line num="456" type="stmt" count="0"/>
        <line num="457" type="stmt" count="0"/>
        <line num="458" type="stmt" count="0"/>
        <line num="459" type="stmt" count="0"/>
        <line num="461" type="stmt" count="0"/>
        <line num="463" type="method" name="checkForNamedMockClashes" crap="10.75" count="16"/>
        <line num="465" type="stmt" count="16"/>
        <line num="467" type="stmt" count="16"/>
        <line num="468" type="stmt" count="16"/>
        <line num="471" type="stmt" count="0"/>
        <line num="473" type="stmt" count="0"/>
        <line num="474" type="stmt" count="0"/>
        <line num="475" type="stmt" count="0"/>
        <line num="476" type="stmt" count="0"/>
        <line num="477" type="stmt" count="0"/>
        <line num="479" type="stmt" count="0"/>
        <line num="481" type="stmt" count="0"/>
        <line num="482" type="stmt" count="0"/>
        <line num="484" type="stmt" count="1"/>
        <metrics loc="483" ncloc="336" classes="1" methods="22" coveredmethods="4" conditionals="0" coveredconditionals="0" statements="193" coveredstatements="57" elements="215" coveredelements="61"/>
      </file>
      <file name="C:\www\zf2-form/vendor/mockery/mockery/library/Mockery/Expectation.php">
        <class name="Expectation" namespace="Mockery">
          <metrics methods="39" coveredmethods="13" conditionals="0" coveredconditionals="0" statements="149" coveredstatements="47" elements="188" coveredelements="60"/>
        </class>
        <line num="140" type="method" name="__construct" crap="1" count="15"/>
        <line num="142" type="stmt" count="15"/>
        <line num="143" type="stmt" count="15"/>
        <line num="144" type="stmt" count="15"/>
        <line num="153" type="method" name="__toString" crap="2" count="0"/>
        <line num="155" type="stmt" count="0"/>
        <line num="165" type="method" name="verifyCall" crap="4.25" count="12"/>
        <line num="167" type="stmt" count="12"/>
        <line num="168" type="stmt" count="12"/>
        <line num="169" type="stmt" count="12"/>
        <line num="170" type="stmt" count="0"/>
        <line num="172" type="stmt" count="12"/>
        <line num="173" type="stmt" count="12"/>
        <line num="174" type="stmt" count="0"/>
        <line num="176" type="stmt" count="12"/>
        <line num="185" type="method" name="_getReturnValue" crap="5.93" count="12"/>
        <line num="187" type="stmt" count="12"/>
        <line num="188" type="stmt" count="0"/>
        <line num="189" type="stmt" count="12"/>
        <line num="190" type="stmt" count="0"/>
        <line num="191" type="stmt" count="12"/>
        <line num="192" type="stmt" count="0"/>
        <line num="193" type="stmt" count="12"/>
        <line num="194" type="stmt" count="12"/>
        <line num="196" type="stmt" count="9"/>
        <line num="203" type="method" name="isEligible" crap="3.58" count="12"/>
        <line num="205" type="stmt" count="12"/>
        <line num="206" type="stmt" count="0"/>
        <line num="207" type="stmt" count="0"/>
        <line num="209" type="stmt" count="12"/>
        <line num="210" type="stmt" count="12"/>
        <line num="218" type="method" name="isCallCountConstrained" crap="2" count="0"/>
        <line num="220" type="stmt" count="0"/>
        <line num="228" type="method" name="validateOrder" crap="5.20" count="12"/>
        <line num="230" type="stmt" count="12"/>
        <line num="231" type="stmt" count="0"/>
        <line num="232" type="stmt" count="0"/>
        <line num="233" type="stmt" count="12"/>
[...]
        <line num="365" type="stmt" count="0"/>
        <line num="376" type="method" name="setSeparator" crap="1" count="10"/>
        <line num="378" type="stmt" count="10"/>
        <line num="379" type="stmt" count="10"/>
        <line num="387" type="method" name="getSeparator" crap="1" count="8"/>
        <line num="389" type="stmt" count="8"/>
        <line num="392" type="stmt" count="1"/>
        <metrics loc="391" ncloc="215" classes="1" methods="20" coveredmethods="5" conditionals="0" coveredconditionals="0" statements="91" coveredstatements="8" elements="111" coveredelements="13"/>
      </file>
      <file name="C:\www\zf2-form/vendor/zendframework/zendframework/library/Zend/View/Helper/Placeholder/Container/AbstractStandalone.php">
        <class name="AbstractStandalone" namespace="Zend\View\Helper\Placeholder\Container">
          <metrics methods="24" coveredmethods="8" conditionals="0" coveredconditionals="0" statements="69" coveredstatements="27" elements="93" coveredelements="35"/>
        </class>
        <line num="0" type="stmt" count="1"/>
        <line num="56" type="method" name="__construct" crap="1" count="10"/>
        <line num="58" type="stmt" count="10"/>
        <line num="59" type="stmt" count="10"/>
        <line num="71" type="method" name="__call" crap="3.03" count="10"/>
        <line num="73" type="stmt" count="10"/>
        <line num="74" type="stmt" count="10"/>
        <line num="75" type="stmt" count="10"/>
        <line num="76" type="stmt" count="10"/>
        <line num="78" type="stmt" count="10"/>
        <line num="80" type="stmt" count="8"/>
        <line num="83" type="stmt" count="0"/>
        <line num="93" type="method" name="__set" crap="2" count="0"/>
        <line num="95" type="stmt" count="0"/>
        <line num="96" type="stmt" count="0"/>
        <line num="97" type="stmt" count="0"/>
        <line num="105" type="method" name="__get" crap="6" count="0"/>
        <line num="107" type="stmt" count="0"/>
        <line num="108" type="stmt" count="0"/>
        <line num="109" type="stmt" count="0"/>
        <line num="112" type="stmt" count="0"/>
        <line num="121" type="method" name="__isset" crap="2" count="0"/>
        <line num="123" type="stmt" count="0"/>
        <line num="124" type="stmt" count="0"/>
        <line num="133" type="method" name="__unset" crap="6" count="0"/>
        <line num="135" type="stmt" count="0"/>
        <line num="136" type="stmt" count="0"/>
        <line num="137" type="stmt" count="0"/>
        <line num="138" type="stmt" count="0"/>
        <line num="139" type="stmt" count="0"/>
        <line num="146" type="method" name="__toString" crap="2" count="0"/>
        <line num="148" type="stmt" count="0"/>
        <line num="156" type="method" name="toString" crap="2" count="0"/>
        <line num="158" type="stmt" count="0"/>
        <line num="167" type="method" name="escape" crap="3.33" count="8"/>
        <line num="169" type="stmt" count="8"/>
        <line num="170" type="stmt" count="8"/>
        <line num="171" type="stmt" count="8"/>
        <line num="172" type="stmt" count="0"/>
        <line num="173" type="stmt" count="0"/>
        <line num="176" type="stmt" count="8"/>
        <line num="185" type="method" name="setAutoEscape" crap="6" count="0"/>
        <line num="187" type="stmt" count="0"/>
        <line num="188" type="stmt" count="0"/>
        <line num="196" type="method" name="getAutoEscape" crap="2" count="0"/>
        <line num="198" type="stmt" count="0"/>
        <line num="207" type="method" name="setContainer" crap="1" count="10"/>
        <line num="209" type="stmt" count="10"/>
        <line num="210" type="stmt" count="10"/>
        <line num="218" type="method" name="getContainer" crap="2" count="10"/>
        <line num="220" type="stmt" count="10"/>
        <line num="221" type="stmt" count="10"/>
        <line num="222" type="stmt" count="10"/>
        <line num="223" type="stmt" count="10"/>
        <line num="231" type="method" name="deleteContainer" crap="6" count="0"/>
        <line num="233" type="stmt" count="0"/>
        <line num="234" type="stmt" count="0"/>
        <line num="235" type="stmt" count="0"/>
        <line num="238" type="stmt" count="0"/>
        <line num="249" type="method" name="setContainerClass" crap="12" count="0"/>
        <line num="251" type="stmt" count="0"/>
        <line num="252" type="stmt" count="0"/>
        <line num="253" type="stmt" count="0"/>
        <line num="254" type="stmt" count="0"/>
        <line num="256" type="stmt" count="0"/>
        <line num="259" type="stmt" count="0"/>
        <line num="260" type="stmt" count="0"/>
        <line num="263" type="stmt" count="0"/>
        <line num="264" type="stmt" count="0"/>
        <line num="272" type="method" name="getContainerClass" crap="2" count="0"/>
        <line num="274" type="stmt" count="0"/>
        <line num="283" type="method" name="setEscaper" crap="1" count="8"/>
        <line num="285" type="stmt" count="8"/>
        <line num="286" type="stmt" count="8"/>
        <line num="288" type="stmt" count="8"/>
        <line num="299" type="method" name="getEscaper" crap="2" count="8"/>
        <line num="301" type="stmt" count="8"/>
        <line num="302" type="stmt" count="8"/>
        <line num="303" type="stmt" count="8"/>
        <line num="304" type="stmt" count="8"/>
        <line num="306" type="stmt" count="8"/>
        <line num="314" type="method" name="count" crap="2" count="0"/>
        <line num="316" type="stmt" count="0"/>
        <line num="317" type="stmt" count="0"/>
        <line num="326" type="method" name="offsetExists" crap="2" count="0"/>
        <line num="328" type="stmt" count="0"/>
        <line num="337" type="method" name="offsetGet" crap="2" count="0"/>
        <line num="339" type="stmt" count="0"/>
        <line num="349" type="method" name="offsetSet" crap="2" count="0"/>
        <line num="351" type="stmt" count="0"/>
        <line num="360" type="method" name="offsetUnset" crap="2" count="0"/>
        <line num="362" type="stmt" count="0"/>
        <line num="370" type="method" name="getIterator" crap="1" count="8"/>
        <line num="372" type="stmt" count="8"/>
        <line num="375" type="stmt" count="1"/>
        <metrics loc="374" ncloc="202" classes="1" methods="24" coveredmethods="6" conditionals="0" coveredconditionals="0" statements="69" coveredstatements="27" elements="93" coveredelements="33"/>
      </file>
    </package>
    <package name="Zend\View">
      <file name="C:\www\zf2-form/vendor/zendframework/zendframework/library/Zend/View/HelperPluginManager.php">
        <class name="HelperPluginManager" namespace="Zend\View">
          <metrics methods="6" coveredmethods="6" conditionals="0" coveredconditionals="0" statements="33" coveredstatements="15" elements="39" coveredelements="21"/>
        </class>
        <line num="92" type="method" name="__construct" crap="1" count="10"/>
        <line num="94" type="stmt" count="10"/>
        <line num="96" type="stmt" count="10"/>
        <line num="97" type="stmt" count="10"/>
        <line num="98" type="stmt" count="10"/>
        <line num="106" type="method" name="setRenderer" crap="1" count="10"/>
        <line num="108" type="stmt" count="10"/>
        <line num="110" type="stmt" count="10"/>
        <line num="118" type="method" name="getRenderer" crap="1" count="10"/>
        <line num="120" type="stmt" count="10"/>
        <line num="129" type="method" name="injectRenderer" crap="2.03" count="10"/>
        <line num="131" type="stmt" count="10"/>
        <line num="132" type="stmt" count="10"/>
        <line num="133" type="stmt" count="0"/>
        <line num="135" type="stmt" count="10"/>
        <line num="136" type="stmt" count="10"/>
        <line num="144" type="method" name="injectTranslator" crap="29.43" count="10"/>
        <line num="146" type="stmt" count="10"/>
        <line num="147" type="stmt" count="10"/>
        <line num="150" type="stmt" count="0"/>
        <line num="152" type="stmt" count="0"/>
        <line num="153" type="stmt" count="0"/>
        <line num="156" type="stmt" count="0"/>
        <line num="157" type="stmt" count="0"/>
        <line num="158" type="stmt" count="0"/>
        <line num="161" type="stmt" count="0"/>
        <line num="162" type="stmt" count="0"/>
        <line num="163" type="stmt" count="0"/>
        <line num="166" type="stmt" count="0"/>
        <line num="167" type="stmt" count="0"/>
        <line num="168" type="stmt" count="0"/>
        <line num="170" type="stmt" count="0"/>
        <line num="181" type="method" name="validatePlugin" crap="5.67" count="10"/>
        <line num="183" type="stmt" count="10"/>
        <line num="185" type="stmt" count="10"/>
        <line num="188" type="stmt" count="0"/>
        <line num="189" type="stmt" count="0"/>
        <line num="190" type="stmt" count="0"/>
        <line num="192" type="stmt" count="0"/>
        <line num="195" type="stmt" count="1"/>
        <metrics loc="194" ncloc="115" classes="1" methods="6" coveredmethods="3" conditionals="0" coveredconditionals="0" statements="33" coveredstatements="15" elements="39" coveredelements="18"/>
      </file>
    </package>
    <package name="Zend\View\Renderer">
      <file name="C:\www\zf2-form/vendor/zendframework/zendframework/library/Zend/View/Renderer/PhpRenderer.php">
        <class name="PhpRenderer" namespace="Zend\View\Renderer">
          <metrics methods="23" coveredmethods="5" conditionals="0" coveredconditionals="0" statements="141" coveredstatements="13" elements="164" coveredelements="18"/>
        </class>
        <line num="0" type="stmt" count="1"/>
        <line num="149" type="method" name="__construct" crap="1" count="14"/>
        <line num="151" type="stmt" count="14"/>
        <line num="152" type="stmt" count="14"/>
        <line num="161" type="method" name="getEngine" crap="2" count="0"/>
        <line num="163" type="stmt" count="0"/>
        <line num="173" type="method" name="init" crap="1" count="13"/>
        <line num="175" type="stmt" count="13"/>
        <line num="184" type="method" name="setResolver" crap="2" count="0"/>
        <line num="186" type="stmt" count="0"/>
        <line num="187" type="stmt" count="0"/>
        <line num="196" type="method" name="resolver" crap="12" count="0"/>
        <line num="198" type="stmt" count="0"/>
        <line num="199" type="stmt" count="0"/>
        <line num="200" type="stmt" count="0"/>
        <line num="202" type="stmt" count="0"/>
        <line num="203" type="stmt" count="0"/>
        <line num="206" type="stmt" count="0"/>
        <line num="218" type="method" name="setVars" crap="42" count="0"/>
        <line num="220" type="stmt" count="0"/>
        <line num="221" type="stmt" count="0"/>
        <line num="222" type="stmt" count="0"/>
        <line num="223" type="stmt" count="0"/>
        <line num="224" type="stmt" count="0"/>
        <line num="228" type="stmt" count="0"/>
        <line num="229" type="stmt" count="0"/>
        <line num="230" type="stmt" count="0"/>
        <line num="231" type="stmt" count="0"/>
        <line num="232" type="stmt" count="0"/>
        <line num="233" type="stmt" count="0"/>
        <line num="234" type="stmt" count="0"/>
        <line num="236" type="stmt" count="0"/>
        <line num="237" type="stmt" count="0"/>
        <line num="246" type="method" name="vars" crap="12" count="0"/>
        <line num="248" type="stmt" count="0"/>
        <line num="249" type="stmt" count="0"/>
        <line num="250" type="stmt" count="0"/>
        <line num="252" type="stmt" count="0"/>
        <line num="253" type="stmt" count="0"/>
        <line num="255" type="stmt" count="0"/>
        <line num="264" type="method" name="get" crap="6" count="0"/>
        <line num="266" type="stmt" count="0"/>
        <line num="267" type="stmt" count="0"/>
        <line num="268" type="stmt" count="0"/>
        <line num="270" type="stmt" count="0"/>
        <line num="279" type="method" name="__get" crap="2" count="0"/>
        <line num="281" type="stmt" count="0"/>
        <line num="282" type="stmt" count="0"/>
        <line num="292" type="method" name="__set" crap="2" count="0"/>
        <line num="294" type="stmt" count="0"/>
        <line num="295" type="stmt" count="0"/>
        <line num="296" type="stmt" count="0"/>
        <line num="304" type="method" name="__isset" crap="2" count="0"/>
        <line num="306" type="stmt" count="0"/>
        <line num="307" type="stmt" count="0"/>
        <line num="316" type="method" name="__unset" crap="6" count="0"/>
        <line num="318" type="stmt" count="0"/>
        <line num="319" type="stmt" count="0"/>
        <line num="320" type="stmt" count="0"/>
        <line num="322" type="stmt" count="0"/>
        <line num="323" type="stmt" count="0"/>
        <line num="332" type="method" name="setHelperPluginManager" crap="12.41" count="10"/>
        <line num="334" type="stmt" count="10"/>
        <line num="335" type="stmt" count="0"/>
        <line num="336" type="stmt" count="0"/>
        <line num="337" type="stmt" count="0"/>
        <line num="339" type="stmt" count="0"/>
        <line num="341" type="stmt" count="0"/>
        <line num="342" type="stmt" count="0"/>
        <line num="343" type="stmt" count="10"/>
        <line num="344" type="stmt" count="0"/>
        <line num="345" type="stmt" count="0"/>
        <line num="346" type="stmt" count="0"/>
        <line num="347" type="stmt" count="0"/>
        <line num="349" type="stmt" count="10"/>
        <line num="350" type="stmt" count="10"/>
        <line num="352" type="stmt" count="10"/>
        <line num="360" type="method" name="getHelperPluginManager" crap="2" count="10"/>
        <line num="362" type="stmt" count="10"/>
        <line num="363" type="stmt" count="10"/>
        <line num="364" type="stmt" count="10"/>
        <line num="365" type="stmt" count="10"/>
        <line num="375" type="method" name="plugin" crap="1" count="10"/>
        <line num="377" type="stmt" count="10"/>
        <line num="393" type="method" name="__call" crap="12" count="0"/>
        <line num="395" type="stmt" count="0"/>
        <line num="396" type="stmt" count="0"/>
        <line num="397" type="stmt" count="0"/>
        <line num="398" type="stmt" count="0"/>
        <line num="399" type="stmt" count="0"/>
        <line num="401" type="stmt" count="0"/>
        <line num="410" type="method" name="setFilterChain" crap="2" count="0"/>
        <line num="412" type="stmt" count="0"/>
        <line num="413" type="stmt" count="0"/>
        <line num="421" type="method" name="getFilterChain" crap="6" count="0"/>
        <line num="423" type="stmt" count="0"/>
        <line num="424" type="stmt" count="0"/>
        <line num="425" type="stmt" count="0"/>
        <line num="426" type="stmt" count="0"/>
        <line num="446" type="method" name="render" crap="156" count="0"/>
        <line num="448" type="stmt" count="0"/>
        <line num="449" type="stmt" count="0"/>
        <line num="450" type="stmt" count="0"/>
        <line num="451" type="stmt" count="0"/>
        <line num="452" type="stmt" count="0"/>
        <line num="453" type="stmt" count="0"/>
        <line num="455" type="stmt" count="0"/>
        <line num="457" type="stmt" count="0"/>
        <line num="458" type="stmt" count="0"/>
        <line num="459" type="stmt" count="0"/>
        <line num="460" type="stmt" count="0"/>
        <line num="461" type="stmt" count="0"/>
        <line num="462" type="stmt" count="0"/>
        <line num="463" type="stmt" count="0"/>
        <line num="464" type="stmt" count="0"/>
        <line num="465" type="stmt" count="0"/>
        <line num="468" type="stmt" count="0"/>
        <line num="469" type="stmt" count="0"/>
        <line num="471" type="stmt" count="0"/>
        <line num="472" type="stmt" count="0"/>
        <line num="473" type="stmt" count="0"/>
        <line num="476" type="stmt" count="0"/>
        <line num="479" type="stmt" count="0"/>
        <line num="481" type="stmt" count="0"/>
        <line num="482" type="stmt" count="0"/>
        <line num="483" type="stmt" count="0"/>
        <line num="484" type="stmt" count="0"/>
        <line num="488" type="stmt" count="0"/>
        <line num="489" type="stmt" count="0"/>
        <line num="490" type="stmt" count="0"/>
        <line num="491" type="stmt" count="0"/>
        <line num="492" type="stmt" count="0"/>
        <line num="495" type="stmt" count="0"/>
        <line num="496" type="stmt" count="0"/>
        <line num="497" type="stmt" count="0"/>
        <line num="498" type="stmt" count="0"/>
        <line num="499" type="stmt" count="0"/>
        <line num="500" type="stmt" count="0"/>
        <line num="501" type="stmt" count="0"/>
        <line num="502" type="stmt" count="0"/>
        <line num="505" type="stmt" count="0"/>
        <line num="506" type="stmt" count="0"/>
        <line num="507" type="stmt" count="0"/>
        <line num="508" type="stmt" count="0"/>
        <line num="509" type="stmt" count="0"/>
        <line num="510" type="stmt" count="0"/>
        <line num="512" type="stmt" count="0"/>
        <line num="513" type="stmt" count="0"/>
        <line num="514" type="stmt" count="0"/>
        <line num="515" type="stmt" count="0"/>
        <line num="516" type="stmt" count="0"/>
        <line num="517" type="stmt" count="0"/>
        <line num="519" type="stmt" count="0"/>
        <line num="521" type="stmt" count="0"/>
        <line num="537" type="method" name="setCanRenderTrees" crap="2" count="0"/>
        <line num="539" type="stmt" count="0"/>
        <line num="540" type="stmt" count="0"/>
        <line num="548" type="method" name="canRenderTrees" crap="2" count="0"/>
        <line num="550" type="stmt" count="0"/>
        <line num="559" type="method" name="addTemplate" crap="2" count="0"/>
        <line num="561" type="stmt" count="0"/>
        <line num="562" type="stmt" count="0"/>
        <line num="570" type="method" name="__clone" crap="2" count="0"/>
        <line num="572" type="stmt" count="0"/>
        <line num="573" type="stmt" count="0"/>
        <line num="575" type="stmt" count="1"/>
        <metrics loc="574" ncloc="290" classes="1" methods="23" coveredmethods="4" conditionals="0" coveredconditionals="0" statements="141" coveredstatements="13" elements="164" coveredelements="17"/>
      </file>
    </package>
    <file name="C:\www\zf2-form/vendor/zendframework/zendframework/library/Zend/View/Renderer/RendererInterface.php">
      <line num="48" type="stmt" count="1"/>
      <metrics loc="47" ncloc="15" classes="0" methods="0" coveredmethods="0" conditionals="0" coveredconditionals="0" statements="0" coveredstatements="0" elements="0" coveredelements="0"/>
    </file>
    <file name="C:\www\zf2-form/vendor/zendframework/zendframework/library/Zend/View/Renderer/TreeRendererInterface.php">
      <line num="21" type="stmt" count="1"/>
      <metrics loc="20" ncloc="8" classes="0" methods="0" coveredmethods="0" conditionals="0" coveredconditionals="0" statements="0" coveredstatements="0" elements="0" coveredelements="0"/>
    </file>
    <file name="C:\www\zf2-form/vendor/zendframework/zendframework/library/Zend/View/Resolver/ResolverInterface.php">
      <line num="25" type="stmt" count="1"/>
      <metrics loc="24" ncloc="10" classes="0" methods="0" coveredmethods="0" conditionals="0" coveredconditionals="0" statements="0" coveredstatements="0" elements="0" coveredelements="0"/>
    </file>
    <metrics files="175" loc="29439" ncloc="17392" classes="118" methods="1160" coveredmethods="285" conditionals="0" coveredconditionals="0" statements="7472" coveredstatements="2147" elements="8632" coveredelements="2432"/>
  </project>
</coverage>
