<?xml version="1.0" encoding="UTF-8"?>
<coverage generated="1455958664">
  <project timestamp="1455958664">
    <package name="StrokerForm\Controller">
      <file name="/home/bram/www/zf2-form/src/StrokerForm/Controller/AjaxController.php">
        <class name="AjaxController" namespace="StrokerForm\Controller">
          <metrics methods="6" coveredmethods="3" conditionals="0" coveredconditionals="0" statements="41" coveredstatements="10" elements="47" coveredelements="13"/>
        </class>
        <line num="28" type="method" name="__construct" crap="1" count="1"/>
        <line num="30" type="stmt" count="1"/>
        <line num="31" type="stmt" count="1"/>
        <line num="39" type="method" name="validateAction" crap="11.10" count="1"/>
        <line num="42" type="stmt" count="1"/>
        <line num="43" type="stmt" count="1"/>
        <line num="45" type="stmt" count="1"/>
        <line num="47" type="stmt" count="1"/>
        <line num="48" type="stmt" count="0"/>
        <line num="50" type="stmt" count="1"/>
        <line num="51" type="stmt" count="1"/>
        <line num="54" type="stmt" count="0"/>
        <line num="57" type="stmt" count="0"/>
        <line num="59" type="stmt" count="0"/>
        <line num="60" type="stmt" count="0"/>
        <line num="61" type="stmt" count="0"/>
        <line num="62" type="stmt" count="0"/>
        <line num="64" type="stmt" count="0"/>
        <line num="65" type="stmt" count="0"/>
        <line num="67" type="stmt" count="0"/>
        <line num="69" type="stmt" count="0"/>
        <line num="70" type="stmt" count="0"/>
        <line num="71" type="stmt" count="0"/>
        <line num="72" type="stmt" count="0"/>
        <line num="73" type="stmt" count="0"/>
        <line num="74" type="stmt" count="0"/>
        <line num="77" type="stmt" count="0"/>
        <line num="79" type="stmt" count="0"/>
        <line num="93" type="method" name="convertDataArrayToValidationGroup" crap="12" count="0"/>
        <line num="94" type="stmt" count="0"/>
        <line num="95" type="stmt" count="0"/>
        <line num="96" type="stmt" count="0"/>
        <line num="97" type="stmt" count="0"/>
        <line num="98" type="stmt" count="0"/>
        <line num="99" type="stmt" count="0"/>
        <line num="101" type="stmt" count="0"/>
        <line num="102" type="stmt" count="0"/>
        <line num="108" type="method" name="getFormManager" crap="2" count="0"/>
        <line num="110" type="stmt" count="0"/>
        <line num="116" type="method" name="setFormManager" crap="1" count="1"/>
        <line num="118" type="stmt" count="1"/>
        <line num="119" type="stmt" count="1"/>
        <line num="121" type="stmt" count="1"/>
        <line num="306" type="stmt" count="1"/>
        <metrics loc="120" ncloc="79" classes="1" methods="6" coveredmethods="2" conditionals="0" coveredconditionals="0" statements="37" coveredstatements="10" elements="43" coveredelements="12"/>
      </file>
    </package>
    <package name="StrokerForm\Factory">
      <file name="/home/bram/www/zf2-form/src/StrokerForm/Factory/AjaxControllerFactory.php">
        <class name="AjaxControllerFactory" namespace="StrokerForm\Factory">
          <metrics methods="1" coveredmethods="0" conditionals="0" coveredconditionals="0" statements="4" coveredstatements="0" elements="5" coveredelements="0"/>
        </class>
        <line num="25" type="method" name="createService" crap="2" count="0"/>
        <line num="27" type="stmt" count="0"/>
        <line num="28" type="stmt" count="0"/>
        <line num="29" type="stmt" count="0"/>
        <line num="31" type="stmt" count="0"/>
        <line num="34" type="stmt" count="0"/>
        <metrics loc="33" ncloc="19" classes="1" methods="1" coveredmethods="0" conditionals="0" coveredconditionals="0" statements="4" coveredstatements="0" elements="5" coveredelements="0"/>
      </file>
      <file name="/home/bram/www/zf2-form/src/StrokerForm/Factory/FormElementFactory.php">
        <class name="FormElementFactory" namespace="StrokerForm\Factory">
          <metrics methods="1" coveredmethods="0" conditionals="0" coveredconditionals="0" statements="2" coveredstatements="0" elements="3" coveredelements="0"/>
        </class>
        <line num="25" type="method" name="createService" crap="2" count="0"/>
        <line num="27" type="stmt" count="0"/>
        <line num="29" type="stmt" count="0"/>
        <line num="32" type="stmt" count="0"/>
        <metrics loc="31" ncloc="17" classes="1" methods="1" coveredmethods="0" conditionals="0" coveredconditionals="0" statements="2" coveredstatements="0" elements="3" coveredelements="0"/>
      </file>
      <file name="/home/bram/www/zf2-form/src/StrokerForm/Factory/FormManagerFactory.php">
        <class name="FormManagerFactory" namespace="StrokerForm\Factory">
          <metrics methods="1" coveredmethods="0" conditionals="0" coveredconditionals="0" statements="2" coveredstatements="0" elements="3" coveredelements="0"/>
        </class>
        <line num="24" type="method" name="createService" crap="2" count="0"/>
        <line num="27" type="stmt" count="0"/>
        <line num="29" type="stmt" count="0"/>
        <line num="32" type="stmt" count="0"/>
        <metrics loc="31" ncloc="16" classes="1" methods="1" coveredmethods="0" conditionals="0" coveredconditionals="0" statements="2" coveredstatements="0" elements="3" coveredelements="0"/>
      </file>
      <file name="/home/bram/www/zf2-form/src/StrokerForm/Factory/FormPrepareFactory.php">
        <class name="FormPrepareFactory" namespace="StrokerForm\Factory">
          <metrics methods="1" coveredmethods="0" conditionals="0" coveredconditionals="0" statements="2" coveredstatements="0" elements="3" coveredelements="0"/>
        </class>
        <line num="25" type="method" name="createService" crap="2" count="0"/>
        <line num="27" type="stmt" count="0"/>
        <line num="29" type="stmt" count="0"/>
        <line num="32" type="stmt" count="0"/>
        <metrics loc="31" ncloc="17" classes="1" methods="1" coveredmethods="0" conditionals="0" coveredconditionals="0" statements="2" coveredstatements="0" elements="3" coveredelements="0"/>
      </file>
      <file name="/home/bram/www/zf2-form/src/StrokerForm/Factory/ModuleOptionsFactory.php">
        <class name="ModuleOptionsFactory" namespace="StrokerForm\Factory">
          <metrics methods="1" coveredmethods="0" conditionals="0" coveredconditionals="0" statements="5" coveredstatements="0" elements="6" coveredelements="0"/>
        </class>
        <line num="26" type="method" name="createService" crap="12" count="0"/>
        <line num="28" type="stmt" count="0"/>
        <line num="29" type="stmt" count="0"/>
        <line num="31" type="stmt" count="0"/>
        <line num="32" type="stmt" count="0"/>
        <line num="35" type="stmt" count="0"/>
        <line num="38" type="stmt" count="0"/>
        <metrics loc="37" ncloc="23" classes="1" methods="1" coveredmethods="0" conditionals="0" coveredconditionals="0" statements="5" coveredstatements="0" elements="6" coveredelements="0"/>
      </file>
      <file name="/home/bram/www/zf2-form/src/StrokerForm/Factory/RendererFactory.php">
        <class name="RendererFactory" namespace="StrokerForm\Factory">
          <metrics methods="1" coveredmethods="0" conditionals="0" coveredconditionals="0" statements="13" coveredstatements="0" elements="14" coveredelements="0"/>
        </class>
        <line num="25" type="method" name="createService" crap="12" count="0"/>
        <line num="28" type="stmt" count="0"/>
        <line num="29" type="stmt" count="0"/>
        <line num="30" type="stmt" count="0"/>
        <line num="32" type="stmt" count="0"/>
        <line num="33" type="stmt" count="0"/>
        <line num="34" type="stmt" count="0"/>
        <line num="35" type="stmt" count="0"/>
        <line num="36" type="stmt" count="0"/>
        <line num="37" type="stmt" count="0"/>
        <line num="38" type="stmt" count="0"/>
        <line num="39" type="stmt" count="0"/>
        <line num="40" type="stmt" count="0"/>
        <line num="42" type="stmt" count="0"/>
        <line num="45" type="stmt" count="0"/>
        <metrics loc="44" ncloc="28" classes="1" methods="1" coveredmethods="0" conditionals="0" coveredconditionals="0" statements="13" coveredstatements="0" elements="14" coveredelements="0"/>
      </file>
    </package>
    <package name="StrokerForm\Factory\Renderer\JqueryValidate">
      <file name="/home/bram/www/zf2-form/src/StrokerForm/Factory/Renderer/JqueryValidate/RendererFactory.php">
        <class name="RendererFactory" namespace="StrokerForm\Factory\Renderer\JqueryValidate">
          <metrics methods="1" coveredmethods="0" conditionals="0" coveredconditionals="0" statements="5" coveredstatements="0" elements="6" coveredelements="0"/>
        </class>
        <line num="26" type="method" name="createService" crap="2" count="0"/>
        <line num="28" type="stmt" count="0"/>
        <line num="29" type="stmt" count="0"/>
        <line num="30" type="stmt" count="0"/>
        <line num="31" type="stmt" count="0"/>
        <line num="32" type="stmt" count="0"/>
        <metrics loc="33" ncloc="19" classes="1" methods="1" coveredmethods="0" conditionals="0" coveredconditionals="0" statements="5" coveredstatements="0" elements="6" coveredelements="0"/>
      </file>
    </package>
    <package name="StrokerForm">
      <file name="/home/bram/www/zf2-form/src/StrokerForm/FormManager.php">
        <class name="FormManager" namespace="StrokerForm">
          <metrics methods="2" coveredmethods="2" conditionals="0" coveredconditionals="0" statements="15" coveredstatements="14" elements="17" coveredelements="16"/>
        </class>
        <line num="28" type="method" name="validatePlugin" crap="3" count="3"/>
        <line num="30" type="stmt" count="3"/>
        <line num="32" type="stmt" count="2"/>
        <line num="35" type="stmt" count="1"/>
        <line num="36" type="stmt" count="1"/>
        <line num="37" type="stmt" count="1"/>
        <line num="38" type="stmt" count="1"/>
        <line num="39" type="stmt" count="1"/>
        <line num="40" type="stmt" count="1"/>
        <line num="46" type="method" name="get" crap="3.03" count="2"/>
        <line num="48" type="stmt" count="2"/>
        <line num="49" type="stmt" count="2"/>
        <line num="50" type="stmt" count="1"/>
        <line num="51" type="stmt" count="1"/>
        <line num="52" type="stmt" count="1"/>
        <line num="54" type="stmt" count="0"/>
        <line num="55" type="stmt" count="1"/>
        <line num="58" type="stmt" count="1"/>
        <metrics loc="57" ncloc="34" classes="1" methods="2" coveredmethods="1" conditionals="0" coveredconditionals="0" statements="15" coveredstatements="14" elements="17" coveredelements="15"/>
      </file>
    </package>
    <package name="StrokerForm\Options">
      <file name="/home/bram/www/zf2-form/src/StrokerForm/Options/ModuleOptions.php">
        <class name="ModuleOptions" namespace="StrokerForm\Options">
          <metrics methods="7" coveredmethods="0" conditionals="0" coveredconditionals="0" statements="26" coveredstatements="0" elements="33" coveredelements="0"/>
        </class>
        <line num="38" type="method" name="getActiveRenderers" crap="2" count="0"/>
        <line num="40" type="stmt" count="0"/>
        <line num="46" type="method" name="setActiveRenderers" crap="2" count="0"/>
        <line num="48" type="stmt" count="0"/>
        <line num="49" type="stmt" count="0"/>
        <line num="55" type="method" name="getForms" crap="12" count="0"/>
        <line num="57" type="stmt" count="0"/>
        <line num="58" type="stmt" count="0"/>
        <line num="59" type="stmt" count="0"/>
        <line num="61" type="stmt" count="0"/>
        <line num="62" type="stmt" count="0"/>
        <line num="65" type="stmt" count="0"/>
        <line num="71" type="method" name="setForms" crap="2" count="0"/>
        <line num="73" type="stmt" count="0"/>
        <line num="74" type="stmt" count="0"/>
        <line num="79" type="method" name="setRendererOptions" crap="6" count="0"/>
        <line num="81" type="stmt" count="0"/>
        <line num="82" type="stmt" count="0"/>
        <line num="83" type="stmt" count="0"/>
        <line num="84" type="stmt" count="0"/>
        <line num="85" type="stmt" count="0"/>
        <line num="92" type="method" name="addRendererOptions" crap="12" count="0"/>
        <line num="94" type="stmt" count="0"/>
        <line num="95" type="stmt" count="0"/>
        <line num="97" type="stmt" count="0"/>
        <line num="98" type="stmt" count="0"/>
        <line num="101" type="stmt" count="0"/>
        <line num="102" type="stmt" count="0"/>
        <line num="103" type="stmt" count="0"/>
        <line num="105" type="stmt" count="0"/>
        <line num="106" type="stmt" count="0"/>
        <line num="113" type="method" name="getRendererOptions" crap="2" count="0"/>
        <line num="115" type="stmt" count="0"/>
        <line num="118" type="stmt" count="0"/>
        <metrics loc="117" ncloc="74" classes="1" methods="7" coveredmethods="0" conditionals="0" coveredconditionals="0" statements="26" coveredstatements="0" elements="33" coveredelements="0"/>
      </file>
    </package>
    <package name="StrokerForm\Renderer">
      <file name="/home/bram/www/zf2-form/src/StrokerForm/Renderer/AbstractRenderer.php">
        <class name="AbstractRenderer" namespace="StrokerForm\Renderer">
          <metrics methods="14" coveredmethods="8" conditionals="0" coveredconditionals="0" statements="34" coveredstatements="22" elements="48" coveredelements="30"/>
        </class>
        <line num="73" type="method" name="setTranslator" crap="2.26" count="15"/>
        <line num="75" type="stmt" count="15"/>
        <line num="76" type="stmt" count="15"/>
        <line num="77" type="stmt" count="0"/>
        <line num="78" type="stmt" count="0"/>
        <line num="80" type="stmt" count="15"/>
        <line num="88" type="method" name="getTranslator" crap="6" count="0"/>
        <line num="90" type="stmt" count="0"/>
        <line num="91" type="stmt" count="0"/>
        <line num="94" type="stmt" count="0"/>
        <line num="102" type="method" name="hasTranslator" crap="2" count="0"/>
        <line num="104" type="stmt" count="0"/>
        <line num="114" type="method" name="setTranslatorEnabled" crap="2" count="0"/>
        <line num="116" type="stmt" count="0"/>
        <line num="118" type="stmt" count="0"/>
        <line num="126" type="method" name="isTranslatorEnabled" crap="2" count="0"/>
        <line num="128" type="stmt" count="0"/>
        <line num="137" type="method" name="setTranslatorTextDomain" crap="2" count="0"/>
        <line num="139" type="stmt" count="0"/>
        <line num="141" type="stmt" count="0"/>
        <line num="149" type="method" name="getTranslatorTextDomain" crap="2" count="0"/>
        <line num="151" type="stmt" count="0"/>
        <line num="157" type="method" name="getHttpRouter" crap="1" count="12"/>
        <line num="159" type="stmt" count="12"/>
        <line num="165" type="method" name="setHttpRouter" crap="1" count="15"/>
        <line num="167" type="stmt" count="15"/>
        <line num="168" type="stmt" count="15"/>
        <line num="173" type="method" name="getOptions" crap="1" count="15"/>
        <line num="175" type="stmt" count="15"/>
        <line num="181" type="method" name="setOptions" crap="5" count="15"/>
        <line num="183" type="stmt" count="15"/>
        <line num="184" type="stmt" count="15"/>
        <line num="185" type="stmt" count="15"/>
        <line num="187" type="stmt" count="15"/>
        <line num="188" type="stmt" count="4"/>
        <line num="189" type="stmt" count="3"/>
        <line num="190" type="stmt" count="3"/>
        <line num="191" type="stmt" count="15"/>
        <line num="193" type="stmt" count="15"/>
        <line num="194" type="stmt" count="15"/>
        <line num="199" type="method" name="setDefaultOptions" crap="1" count="15"/>
        <line num="201" type="stmt" count="15"/>
        <line num="202" type="stmt" count="15"/>
        <line num="207" type="method" name="getFormManager" crap="1" count="12"/>
        <line num="209" type="stmt" count="12"/>
        <line num="215" type="method" name="setFormManager" crap="1" count="15"/>
        <line num="217" type="stmt" count="15"/>
        <line num="218" type="stmt" count="15"/>
        <line num="220" type="stmt" count="1"/>
        <metrics loc="219" ncloc="121" classes="1" methods="14" coveredmethods="7" conditionals="0" coveredconditionals="0" statements="34" coveredstatements="22" elements="48" coveredelements="29"/>
      </file>
      <file name="/home/bram/www/zf2-form/src/StrokerForm/Renderer/AbstractValidateRenderer.php">
        <class name="AbstractValidateRenderer" namespace="StrokerForm\Renderer">
          <metrics methods="8" coveredmethods="6" conditionals="0" coveredconditionals="0" statements="59" coveredstatements="51" elements="67" coveredelements="57"/>
        </class>
        <line num="36" type="method" name="preRenderForm" crap="5.20" count="12"/>
        <line num="38" type="stmt" count="12"/>
        <line num="40" type="stmt" count="12"/>
        <line num="41" type="stmt" count="0"/>
        <line num="42" type="stmt" count="0"/>
        <line num="44" type="stmt" count="12"/>
        <line num="47" type="stmt" count="12"/>
        <line num="48" type="stmt" count="12"/>
        <line num="49" type="stmt" count="12"/>
        <line num="50" type="stmt" count="12"/>
        <line num="51" type="stmt" count="12"/>
        <line num="52" type="stmt" count="0"/>
        <line num="54" type="stmt" count="12"/>
        <line num="55" type="stmt" count="12"/>
        <line num="56" type="stmt" count="12"/>
        <line num="57" type="stmt" count="12"/>
        <line num="66" type="method" name="extractValidatorsForForm" crap="5" count="12"/>
        <line num="68" type="stmt" count="12"/>
        <line num="69" type="stmt" count="12"/>
        <line num="70" type="stmt" count="12"/>
        <line num="71" type="stmt" count="12"/>
        <line num="72" type="stmt" count="12"/>
        <line num="73" type="stmt" count="12"/>
        <line num="75" type="stmt" count="12"/>
        <line num="76" type="stmt" count="12"/>
        <line num="77" type="stmt" count="12"/>
        <line num="79" type="stmt" count="12"/>
        <line num="80" type="stmt" count="3"/>
        <line num="81" type="stmt" count="3"/>
        <line num="82" type="stmt" count="3"/>
        <line num="83" type="stmt" count="12"/>
        <line num="85" type="stmt" count="12"/>
        <line num="95" type="method" name="getValidatorsForElement" crap="4.01" count="12"/>
        <line num="97" type="stmt" count="12"/>
        <line num="98" type="stmt" count="1"/>
        <line num="102" type="stmt" count="12"/>
        <line num="103" type="stmt" count="3"/>
        <line num="104" type="stmt" count="3"/>
        <line num="105" type="stmt" count="12"/>
        <line num="108" type="stmt" count="12"/>
        <line num="109" type="stmt" count="0"/>
        <line num="111" type="stmt" count="12"/>
        <line num="113" type="stmt" count="12"/>
        <line num="115" type="stmt" count="12"/>
        <line num="123" type="method" name="injectNotEmptyValidator" crap="4.02" count="12"/>
        <line num="125" type="stmt" count="12"/>
        <line num="126" type="stmt" count="8"/>
        <line num="129" type="stmt" count="12"/>
        <line num="132" type="stmt" count="12"/>
        <line num="133" type="stmt" count="12"/>
        <line num="134" type="stmt" count="12"/>
        <line num="135" type="stmt" count="0"/>
        <line num="137" type="stmt" count="12"/>
        <line num="140" type="stmt" count="12"/>
        <line num="141" type="stmt" count="12"/>
        <line num="149" type="method" name="preRenderInputField" crap="2" count="0"/>
        <line num="151" type="stmt" count="0"/>
        <line num="159" type="method" name="addValidationAttributesForElement" crap="1" count="0"/>
        <line num="167" type="method" name="getElementName" crap="3.58" count="12"/>
        <line num="169" type="stmt" count="12"/>
        <line num="170" type="stmt" count="12"/>
        <line num="171" type="stmt" count="0"/>
        <line num="172" type="stmt" count="0"/>
        <line num="174" type="stmt" count="12"/>
        <line num="183" type="method" name="getValidatorClassName" crap="1" count="12"/>
        <line num="185" type="stmt" count="12"/>
        <line num="186" type="stmt" count="12"/>
        <line num="189" type="stmt" count="1"/>
        <metrics loc="188" ncloc="122" classes="1" methods="7" coveredmethods="2" conditionals="0" coveredconditionals="0" statements="59" coveredstatements="51" elements="66" coveredelements="53"/>
      </file>
      <file name="/home/bram/www/zf2-form/src/StrokerForm/Renderer/Options.php">
        <class name="Options" namespace="StrokerForm\Renderer">
          <metrics methods="3" coveredmethods="3" conditionals="0" coveredconditionals="0" statements="16" coveredstatements="16" elements="19" coveredelements="19"/>
        </class>
        <line num="26" type="method" name="getIncludeAssets" crap="1" count="15"/>
        <line num="28" type="stmt" count="15"/>
        <line num="34" type="method" name="setIncludeAssets" crap="1" count="4"/>
        <line num="36" type="stmt" count="4"/>
        <line num="37" type="stmt" count="4"/>
        <line num="48" type="method" name="mergeRecursive" crap="6" count="3"/>
        <line num="50" type="stmt" count="3"/>
        <line num="52" type="stmt" count="3"/>
        <line num="53" type="stmt" count="3"/>
        <line num="54" type="stmt" count="3"/>
        <line num="55" type="stmt" count="1"/>
        <line num="56" type="stmt" count="1"/>
        <line num="57" type="stmt" count="1"/>
        <line num="58" type="stmt" count="1"/>
        <line num="60" type="stmt" count="1"/>
        <line num="61" type="stmt" count="3"/>
        <line num="63" type="stmt" count="3"/>
        <line num="64" type="stmt" count="3"/>
        <line num="66" type="stmt" count="3"/>
        <line num="69" type="stmt" count="1"/>
        <metrics loc="68" ncloc="41" classes="1" methods="3" coveredmethods="3" conditionals="0" coveredconditionals="0" statements="16" coveredstatements="16" elements="19" coveredelements="19"/>
      </file>
      <file name="/home/bram/www/zf2-form/src/StrokerForm/Renderer/RendererCollection.php">
        <class name="RendererCollection" namespace="StrokerForm\Renderer">
          <metrics methods="4" coveredmethods="4" conditionals="0" coveredconditionals="0" statements="11" coveredstatements="11" elements="15" coveredelements="15"/>
        </class>
        <line num="30" type="method" name="getRenderers" crap="1" count="3"/>
        <line num="32" type="stmt" count="3"/>
        <line num="40" type="method" name="addRenderer" crap="1" count="3"/>
        <line num="42" type="stmt" count="3"/>
        <line num="43" type="stmt" count="3"/>
        <line num="54" type="method" name="preRenderForm" crap="2" count="1"/>
        <line num="56" type="stmt" count="1"/>
        <line num="57" type="stmt" count="1"/>
        <line num="58" type="stmt" count="1"/>
        <line num="59" type="stmt" count="1"/>
        <line num="67" type="method" name="preRenderInputField" crap="2" count="1"/>
        <line num="69" type="stmt" count="1"/>
        <line num="70" type="stmt" count="1"/>
        <line num="71" type="stmt" count="1"/>
        <line num="72" type="stmt" count="1"/>
        <line num="74" type="stmt" count="1"/>
        <metrics loc="73" ncloc="37" classes="1" methods="4" coveredmethods="4" conditionals="0" coveredconditionals="0" statements="11" coveredstatements="11" elements="15" coveredelements="15"/>
      </file>
    </package>
    <package name="StrokerForm\Renderer\JqueryValidate">
      <file name="/home/bram/www/zf2-form/src/StrokerForm/Renderer/JqueryValidate/Options.php">
        <class name="Options" namespace="StrokerForm\Renderer\JqueryValidate">
          <metrics methods="9" coveredmethods="4" conditionals="0" coveredconditionals="0" statements="14" coveredstatements="5" elements="23" coveredelements="9"/>
        </class>
        <line num="39" type="method" name="getValidateOptions" crap="1" count="15"/>
        <line num="41" type="stmt" count="15"/>
        <line num="50" type="method" name="setValidateOptions" crap="1" count="4"/>
        <line num="52" type="stmt" count="4"/>
        <line num="53" type="stmt" count="4"/>
        <line num="58" type="method" name="addValidateOption" crap="2" count="0"/>
        <line num="60" type="stmt" count="0"/>
        <line num="61" type="stmt" count="0"/>
        <line num="66" type="method" name="isUseTwitterBootstrap" crap="1" count="12"/>
        <line num="68" type="stmt" count="12"/>
        <line num="74" type="method" name="setUseTwitterBootstrap" crap="2" count="0"/>
        <line num="76" type="stmt" count="0"/>
        <line num="77" type="stmt" count="0"/>
        <line num="82" type="method" name="getInitializeTrigger" crap="1" count="12"/>
        <line num="84" type="stmt" count="12"/>
        <line num="91" type="method" name="setInitializeTrigger" crap="2" count="0"/>
        <line num="93" type="stmt" count="0"/>
        <line num="94" type="stmt" count="0"/>
        <line num="100" type="method" name="getCustomValidationRules" crap="2" count="0"/>
        <line num="102" type="stmt" count="0"/>
        <line num="109" type="method" name="setCustomValidationRules" crap="2" count="0"/>
        <line num="111" type="stmt" count="0"/>
        <line num="113" type="stmt" count="0"/>
        <line num="116" type="stmt" count="1"/>
        <metrics loc="115" ncloc="62" classes="1" methods="9" coveredmethods="4" conditionals="0" coveredconditionals="0" statements="14" coveredstatements="5" elements="23" coveredelements="9"/>
      </file>
      <file name="/home/bram/www/zf2-form/src/StrokerForm/Renderer/JqueryValidate/Renderer.php">
        <class name="Renderer" namespace="StrokerForm\Renderer\JqueryValidate">
          <metrics methods="9" coveredmethods="9" conditionals="0" coveredconditionals="0" statements="75" coveredstatements="72" elements="84" coveredelements="81"/>
        </class>
        <line num="52" type="method" name="setRulePluginManager" crap="1" count="15"/>
        <line num="54" type="stmt" count="15"/>
        <line num="55" type="stmt" count="15"/>
        <line num="60" type="method" name="getRulePluginManager" crap="1" count="12"/>
        <line num="62" type="stmt" count="12"/>
        <line num="73" type="method" name="preRenderForm" crap="4" count="12"/>
        <line num="75" type="stmt" count="12"/>
        <line num="76" type="stmt" count="12"/>
        <line num="77" type="stmt" count="12"/>
        <line num="79" type="stmt" count="12"/>
        <line num="82" type="stmt" count="12"/>
        <line num="84" type="stmt" count="12"/>
        <line num="85" type="stmt" count="12"/>
        <line num="87" type="stmt" count="12"/>
        <line num="88" type="stmt" count="12"/>
        <line num="89" type="stmt" count="12"/>
        <line num="90" type="stmt" count="12"/>
        <line num="91" type="stmt" count="12"/>
        <line num="92" type="stmt" count="12"/>
        <line num="93" type="stmt" count="12"/>
        <line num="94" type="stmt" count="12"/>
        <line num="96" type="stmt" count="12"/>
        <line num="97" type="stmt" count="12"/>
        <line num="104" type="method" name="buildInlineJavascript" crap="4" count="12"/>
        <line num="106" type="stmt" count="12"/>
        <line num="107" type="stmt" count="12"/>
        <line num="108" type="stmt" count="1"/>
        <line num="109" type="stmt" count="1"/>
        <line num="110" type="stmt" count="12"/>
        <line num="112" type="stmt" count="12"/>
        <line num="113" type="stmt" count="12"/>
        <line num="114" type="stmt" count="12"/>
        <line num="115" type="stmt" count="12"/>
        <line num="116" type="stmt" count="12"/>
        <line num="117" type="stmt" count="12"/>
        <line num="118" type="stmt" count="12"/>
        <line num="119" type="stmt" count="12"/>
        <line num="120" type="stmt" count="12"/>
        <line num="121" type="stmt" count="12"/>
        <line num="130" type="method" name="addValidationAttributesForElement" crap="5.00" count="12"/>
        <line num="132" type="stmt" count="12"/>
        <line num="133" type="stmt" count="0"/>
        <line num="135" type="stmt" count="12"/>
        <line num="136" type="stmt" count="12"/>
        <line num="137" type="stmt" count="12"/>
        <line num="139" type="stmt" count="12"/>
        <line num="140" type="stmt" count="12"/>
        <line num="141" type="stmt" count="12"/>
        <line num="142" type="stmt" count="12"/>
        <line num="143" type="stmt" count="12"/>
        <line num="145" type="stmt" count="1"/>
        <line num="148" type="stmt" count="1"/>
        <line num="150" type="stmt" count="1"/>
        <line num="151" type="stmt" count="1"/>
        <line num="152" type="stmt" count="1"/>
        <line num="155" type="stmt" count="12"/>
        <line num="156" type="stmt" count="12"/>
        <line num="157" type="stmt" count="12"/>
        <line num="158" type="stmt" count="12"/>
        <line num="164" type="method" name="getRule" crap="3.14" count="12"/>
        <line num="166" type="stmt" count="12"/>
        <line num="167" type="stmt" count="12"/>
        <line num="168" type="stmt" count="12"/>
        <line num="169" type="stmt" count="12"/>
        <line num="170" type="stmt" count="0"/>
        <line num="171" type="stmt" count="0"/>
        <line num="172" type="stmt" count="12"/>
        <line num="174" type="stmt" count="1"/>
        <line num="181" type="method" name="addRules" crap="2" count="12"/>
        <line num="183" type="stmt" count="12"/>
        <line num="184" type="stmt" count="12"/>
        <line num="185" type="stmt" count="12"/>
        <line num="186" type="stmt" count="12"/>
        <line num="187" type="stmt" count="12"/>
        <line num="193" type="method" name="addMessages" crap="2" count="12"/>
        <line num="195" type="stmt" count="12"/>
        <line num="196" type="stmt" count="12"/>
        <line num="197" type="stmt" count="12"/>
        <line num="198" type="stmt" count="12"/>
        <line num="199" type="stmt" count="12"/>
        <line num="204" type="method" name="reset" crap="1" count="12"/>
        <line num="206" type="stmt" count="12"/>
        <line num="207" type="stmt" count="12"/>
        <line num="208" type="stmt" count="12"/>
        <line num="210" type="stmt" count="1"/>
        <metrics loc="209" ncloc="146" classes="1" methods="9" coveredmethods="7" conditionals="0" coveredconditionals="0" statements="75" coveredstatements="72" elements="84" coveredelements="79"/>
      </file>
    </package>
    <package name="StrokerForm\Renderer\JqueryValidate\Rule">
      <file name="/home/bram/www/zf2-form/src/StrokerForm/Renderer/JqueryValidate/Rule/AbstractRule.php">
        <class name="AbstractRule" namespace="StrokerForm\Renderer\JqueryValidate\Rule">
          <metrics methods="8" coveredmethods="8" conditionals="0" coveredconditionals="0" statements="26" coveredstatements="24" elements="34" coveredelements="32"/>
        </class>
        <line num="40" type="method" name="translateMessage" crap="2" count="25"/>
        <line num="42" type="stmt" count="25"/>
        <line num="43" type="stmt" count="25"/>
        <line num="44" type="stmt" count="12"/>
        <line num="47" type="stmt" count="13"/>
        <line num="57" type="method" name="setTranslator" crap="2.26" count="70"/>
        <line num="59" type="stmt" count="70"/>
        <line num="61" type="stmt" count="70"/>
        <line num="62" type="stmt" count="0"/>
        <line num="63" type="stmt" count="0"/>
        <line num="65" type="stmt" count="70"/>
        <line num="73" type="method" name="getTranslator" crap="2" count="26"/>
        <line num="75" type="stmt" count="26"/>
        <line num="76" type="stmt" count="26"/>
        <line num="77" type="stmt" count="12"/>
        <line num="78" type="stmt" count="12"/>
        <line num="79" type="stmt" count="26"/>
        <line num="87" type="method" name="hasTranslator" crap="1" count="11"/>
        <line num="89" type="stmt" count="11"/>
        <line num="98" type="method" name="setTranslatorEnabled" crap="1" count="11"/>
        <line num="100" type="stmt" count="11"/>
        <line num="102" type="stmt" count="11"/>
        <line num="110" type="method" name="isTranslatorEnabled" crap="1" count="11"/>
        <line num="112" type="stmt" count="11"/>
        <line num="113" type="stmt" count="11"/>
        <line num="122" type="method" name="setTranslatorTextDomain" crap="1" count="11"/>
        <line num="124" type="stmt" count="11"/>
        <line num="126" type="stmt" count="11"/>
        <line num="134" type="method" name="getTranslatorTextDomain" crap="2" count="24"/>
        <line num="136" type="stmt" count="24"/>
        <line num="137" type="stmt" count="24"/>
        <line num="138" type="stmt" count="13"/>
        <line num="139" type="stmt" count="13"/>
        <line num="140" type="stmt" count="24"/>
        <line num="143" type="stmt" count="1"/>
        <metrics loc="142" ncloc="80" classes="1" methods="8" coveredmethods="7" conditionals="0" coveredconditionals="0" statements="26" coveredstatements="24" elements="34" coveredelements="31"/>
      </file>
      <file name="/home/bram/www/zf2-form/src/StrokerForm/Renderer/JqueryValidate/Rule/Between.php">
        <class name="Between" namespace="StrokerForm\Renderer\JqueryValidate\Rule">
          <metrics methods="4" coveredmethods="4" conditionals="0" coveredconditionals="0" statements="5" coveredstatements="5" elements="9" coveredelements="9"/>
        </class>
        <line num="21" type="method" name="getRules" crap="1" count="3"/>
        <line num="23" type="stmt" count="3"/>
        <line num="29" type="method" name="getMessages" crap="1" count="1"/>
        <line num="33" type="stmt" count="1"/>
        <line num="34" type="stmt" count="1"/>
        <line num="41" type="method" name="getMin" crap="2" count="4"/>
        <line num="43" type="stmt" count="4"/>
        <line num="50" type="method" name="getMax" crap="2" count="4"/>
        <line num="52" type="stmt" count="4"/>
        <line num="55" type="stmt" count="1"/>
        <metrics loc="54" ncloc="32" classes="1" methods="4" coveredmethods="4" conditionals="0" coveredconditionals="0" statements="5" coveredstatements="5" elements="9" coveredelements="9"/>
      </file>
      <file name="/home/bram/www/zf2-form/src/StrokerForm/Renderer/JqueryValidate/Rule/CreditCard.php">
        <class name="CreditCard" namespace="StrokerForm\Renderer\JqueryValidate\Rule">
          <metrics methods="2" coveredmethods="2" conditionals="0" coveredconditionals="0" statements="2" coveredstatements="2" elements="4" coveredelements="4"/>
        </class>
        <line num="21" type="method" name="getRules" crap="1" count="2"/>
        <line num="23" type="stmt" count="2"/>
        <line num="29" type="method" name="getMessages" crap="1" count="1"/>
        <line num="31" type="stmt" count="1"/>
        <line num="34" type="stmt" count="1"/>
        <metrics loc="33" ncloc="19" classes="1" methods="2" coveredmethods="2" conditionals="0" coveredconditionals="0" statements="2" coveredstatements="2" elements="4" coveredelements="4"/>
      </file>
      <file name="/home/bram/www/zf2-form/src/StrokerForm/Renderer/JqueryValidate/Rule/Digits.php">
        <class name="Digits" namespace="StrokerForm\Renderer\JqueryValidate\Rule">
          <metrics methods="2" coveredmethods="2" conditionals="0" coveredconditionals="0" statements="2" coveredstatements="2" elements="4" coveredelements="4"/>
        </class>
        <line num="21" type="method" name="getRules" crap="1" count="2"/>
        <line num="23" type="stmt" count="2"/>
        <line num="29" type="method" name="getMessages" crap="1" count="1"/>
        <line num="31" type="stmt" count="1"/>
        <line num="34" type="stmt" count="1"/>
        <metrics loc="33" ncloc="19" classes="1" methods="2" coveredmethods="2" conditionals="0" coveredconditionals="0" statements="2" coveredstatements="2" elements="4" coveredelements="4"/>
      </file>
      <file name="/home/bram/www/zf2-form/src/StrokerForm/Renderer/JqueryValidate/Rule/EmailAddress.php">
        <class name="EmailAddress" namespace="StrokerForm\Renderer\JqueryValidate\Rule">
          <metrics methods="2" coveredmethods="2" conditionals="0" coveredconditionals="0" statements="2" coveredstatements="2" elements="4" coveredelements="4"/>
        </class>
        <line num="21" type="method" name="getRules" crap="1" count="14"/>
        <line num="23" type="stmt" count="14"/>
        <line num="29" type="method" name="getMessages" crap="1" count="13"/>
        <line num="31" type="stmt" count="13"/>
        <line num="34" type="stmt" count="1"/>
        <metrics loc="33" ncloc="19" classes="1" methods="2" coveredmethods="2" conditionals="0" coveredconditionals="0" statements="2" coveredstatements="2" elements="4" coveredelements="4"/>
      </file>
      <file name="/home/bram/www/zf2-form/src/StrokerForm/Renderer/JqueryValidate/Rule/GreaterThan.php">
        <class name="GreaterThan" namespace="StrokerForm\Renderer\JqueryValidate\Rule">
          <metrics methods="2" coveredmethods="2" conditionals="0" coveredconditionals="0" statements="3" coveredstatements="3" elements="5" coveredelements="5"/>
        </class>
        <line num="21" type="method" name="getRules" crap="1" count="2"/>
        <line num="23" type="stmt" count="2"/>
        <line num="29" type="method" name="getMessages" crap="1" count="1"/>
        <line num="33" type="stmt" count="1"/>
        <line num="34" type="stmt" count="1"/>
        <line num="37" type="stmt" count="1"/>
        <metrics loc="36" ncloc="22" classes="1" methods="2" coveredmethods="2" conditionals="0" coveredconditionals="0" statements="3" coveredstatements="3" elements="5" coveredelements="5"/>
      </file>
      <file name="/home/bram/www/zf2-form/src/StrokerForm/Renderer/JqueryValidate/Rule/Identical.php">
        <class name="Identical" namespace="StrokerForm\Renderer\JqueryValidate\Rule">
          <metrics methods="2" coveredmethods="2" conditionals="0" coveredconditionals="0" statements="6" coveredstatements="6" elements="8" coveredelements="8"/>
        </class>
        <line num="21" type="method" name="getRules" crap="2" count="2"/>
        <line num="23" type="stmt" count="2"/>
        <line num="25" type="stmt" count="2"/>
        <line num="26" type="stmt" count="2"/>
        <line num="27" type="stmt" count="2"/>
        <line num="29" type="stmt" count="2"/>
        <line num="35" type="method" name="getMessages" crap="1" count="1"/>
        <line num="37" type="stmt" count="1"/>
        <line num="40" type="stmt" count="1"/>
        <metrics loc="39" ncloc="25" classes="1" methods="2" coveredmethods="2" conditionals="0" coveredconditionals="0" statements="6" coveredstatements="6" elements="8" coveredelements="8"/>
      </file>
      <file name="/home/bram/www/zf2-form/src/StrokerForm/Renderer/JqueryValidate/Rule/InArray.php">
        <class name="InArray" namespace="StrokerForm\Renderer\JqueryValidate\Rule">
          <metrics methods="2" coveredmethods="2" conditionals="0" coveredconditionals="0" statements="5" coveredstatements="5" elements="7" coveredelements="7"/>
        </class>
        <line num="27" type="method" name="getRules" crap="2" count="3"/>
        <line num="31" type="stmt" count="3"/>
        <line num="32" type="stmt" count="1"/>
        <line num="35" type="stmt" count="2"/>
        <line num="44" type="method" name="getMessages" crap="1" count="1"/>
        <line num="48" type="stmt" count="1"/>
        <line num="49" type="stmt" count="1"/>
        <line num="52" type="stmt" count="1"/>
        <metrics loc="51" ncloc="26" classes="1" methods="2" coveredmethods="2" conditionals="0" coveredconditionals="0" statements="5" coveredstatements="5" elements="7" coveredelements="7"/>
      </file>
      <file name="/home/bram/www/zf2-form/src/StrokerForm/Renderer/JqueryValidate/Rule/LessThan.php">
        <class name="LessThan" namespace="StrokerForm\Renderer\JqueryValidate\Rule">
          <metrics methods="2" coveredmethods="2" conditionals="0" coveredconditionals="0" statements="3" coveredstatements="3" elements="5" coveredelements="5"/>
        </class>
        <line num="21" type="method" name="getRules" crap="1" count="2"/>
        <line num="23" type="stmt" count="2"/>
        <line num="29" type="method" name="getMessages" crap="1" count="1"/>
        <line num="33" type="stmt" count="1"/>
        <line num="34" type="stmt" count="1"/>
        <line num="37" type="stmt" count="1"/>
        <metrics loc="36" ncloc="22" classes="1" methods="2" coveredmethods="2" conditionals="0" coveredconditionals="0" statements="3" coveredstatements="3" elements="5" coveredelements="5"/>
      </file>
      <file name="/home/bram/www/zf2-form/src/StrokerForm/Renderer/JqueryValidate/Rule/NotEmpty.php">
        <class name="NotEmpty" namespace="StrokerForm\Renderer\JqueryValidate\Rule">
          <metrics methods="2" coveredmethods="2" conditionals="0" coveredconditionals="0" statements="2" coveredstatements="2" elements="4" coveredelements="4"/>
        </class>
        <line num="21" type="method" name="getRules" crap="1" count="14"/>
        <line num="23" type="stmt" count="14"/>
        <line num="29" type="method" name="getMessages" crap="1" count="13"/>
        <line num="31" type="stmt" count="13"/>
        <line num="34" type="stmt" count="1"/>
        <metrics loc="33" ncloc="19" classes="1" methods="2" coveredmethods="2" conditionals="0" coveredconditionals="0" statements="2" coveredstatements="2" elements="4" coveredelements="4"/>
      </file>
      <file name="/home/bram/www/zf2-form/src/StrokerForm/Renderer/JqueryValidate/Rule/RulePluginManager.php">
        <class name="RulePluginManager" namespace="StrokerForm\Renderer\JqueryValidate\Rule">
          <metrics methods="3" coveredmethods="3" conditionals="0" coveredconditionals="0" statements="18" coveredstatements="16" elements="21" coveredelements="19"/>
        </class>
        <line num="46" type="method" name="__construct" crap="1" count="19"/>
        <line num="48" type="stmt" count="19"/>
        <line num="50" type="stmt" count="19"/>
        <line num="51" type="stmt" count="19"/>
        <line num="56" type="method" name="validatePlugin" crap="3" count="16"/>
        <line num="58" type="stmt" count="16"/>
        <line num="60" type="stmt" count="15"/>
        <line num="63" type="stmt" count="1"/>
        <line num="64" type="stmt" count="1"/>
        <line num="65" type="stmt" count="1"/>
        <line num="67" type="stmt" count="1"/>
        <line num="76" type="method" name="injectTranslator" crap="6.40" count="14"/>
        <line num="78" type="stmt" count="14"/>
        <line num="79" type="stmt" count="14"/>
        <line num="80" type="stmt" count="14"/>
        <line num="81" type="stmt" count="2"/>
        <line num="82" type="stmt" count="14"/>
        <line num="83" type="stmt" count="0"/>
        <line num="84" type="stmt" count="0"/>
        <line num="85" type="stmt" count="14"/>
        <line num="86" type="stmt" count="14"/>
        <metrics loc="86" ncloc="54" classes="1" methods="3" coveredmethods="2" conditionals="0" coveredconditionals="0" statements="18" coveredstatements="16" elements="21" coveredelements="18"/>
      </file>
      <file name="/home/bram/www/zf2-form/src/StrokerForm/Renderer/JqueryValidate/Rule/StringLength.php">
        <class name="StringLength" namespace="StrokerForm\Renderer\JqueryValidate\Rule">
          <metrics methods="2" coveredmethods="2" conditionals="0" coveredconditionals="0" statements="16" coveredstatements="16" elements="18" coveredelements="18"/>
        </class>
        <line num="21" type="method" name="getRules" crap="3" count="4"/>
        <line num="23" type="stmt" count="4"/>
        <line num="24" type="stmt" count="4"/>
        <line num="25" type="stmt" count="2"/>
        <line num="26" type="stmt" count="2"/>
        <line num="27" type="stmt" count="4"/>
        <line num="28" type="stmt" count="2"/>
        <line num="29" type="stmt" count="2"/>
        <line num="31" type="stmt" count="4"/>
        <line num="37" type="method" name="getMessages" crap="3" count="3"/>
        <line num="39" type="stmt" count="3"/>
        <line num="40" type="stmt" count="3"/>
        <line num="41" type="stmt" count="2"/>
        <line num="42" type="stmt" count="2"/>
        <line num="43" type="stmt" count="3"/>
        <line num="44" type="stmt" count="2"/>
        <line num="45" type="stmt" count="2"/>
        <line num="47" type="stmt" count="3"/>
        <line num="50" type="stmt" count="1"/>
        <metrics loc="49" ncloc="35" classes="1" methods="2" coveredmethods="2" conditionals="0" coveredconditionals="0" statements="16" coveredstatements="16" elements="18" coveredelements="18"/>
      </file>
      <file name="/home/bram/www/zf2-form/src/StrokerForm/Renderer/JqueryValidate/Rule/Uri.php">
        <class name="Uri" namespace="StrokerForm\Renderer\JqueryValidate\Rule">
          <metrics methods="2" coveredmethods="2" conditionals="0" coveredconditionals="0" statements="2" coveredstatements="2" elements="4" coveredelements="4"/>
        </class>
        <line num="21" type="method" name="getRules" crap="1" count="2"/>
        <line num="23" type="stmt" count="2"/>
        <line num="29" type="method" name="getMessages" crap="1" count="1"/>
        <line num="31" type="stmt" count="1"/>
        <line num="34" type="stmt" count="1"/>
        <metrics loc="33" ncloc="19" classes="1" methods="2" coveredmethods="2" conditionals="0" coveredconditionals="0" statements="2" coveredstatements="2" elements="4" coveredelements="4"/>
      </file>
    </package>
    <file name="/home/bram/www/zf2-form/src/StrokerForm/Renderer/JqueryValidate/Rule/RuleInterface.php">
      <line num="36" type="stmt" count="1"/>
      <metrics loc="35" ncloc="14" classes="0" methods="0" coveredmethods="0" conditionals="0" coveredconditionals="0" statements="0" coveredstatements="0" elements="0" coveredelements="0"/>
    </file>
    <file name="/home/bram/www/zf2-form/src/StrokerForm/Renderer/RendererInterface.php">
      <line num="54" type="stmt" count="1"/>
      <metrics loc="53" ncloc="20" classes="0" methods="0" coveredmethods="0" conditionals="0" coveredconditionals="0" statements="0" coveredstatements="0" elements="0" coveredelements="0"/>
    </file>
    <package name="StrokerForm\View\Helper">
      <file name="/home/bram/www/zf2-form/src/StrokerForm/View/Helper/FormElement.php">
        <class name="FormElement" namespace="StrokerForm\View\Helper">
          <metrics methods="2" coveredmethods="0" conditionals="0" coveredconditionals="0" statements="4" coveredstatements="0" elements="6" coveredelements="0"/>
        </class>
        <line num="27" type="method" name="__construct" crap="2" count="0"/>
        <line num="29" type="stmt" count="0"/>
        <line num="30" type="stmt" count="0"/>
        <line num="39" type="method" name="render" crap="2" count="0"/>
        <line num="41" type="stmt" count="0"/>
        <line num="43" type="stmt" count="0"/>
        <line num="46" type="stmt" count="0"/>
        <metrics loc="45" ncloc="24" classes="1" methods="2" coveredmethods="0" conditionals="0" coveredconditionals="0" statements="4" coveredstatements="0" elements="6" coveredelements="0"/>
      </file>
      <file name="/home/bram/www/zf2-form/src/StrokerForm/View/Helper/FormPrepare.php">
        <class name="FormPrepare" namespace="StrokerForm\View\Helper">
          <metrics methods="2" coveredmethods="0" conditionals="0" coveredconditionals="0" statements="4" coveredstatements="0" elements="6" coveredelements="0"/>
        </class>
        <line num="28" type="method" name="__construct" crap="2" count="0"/>
        <line num="30" type="stmt" count="0"/>
        <line num="31" type="stmt" count="0"/>
        <line num="38" type="method" name="__invoke" crap="2" count="0"/>
        <line num="40" type="stmt" count="0"/>
        <line num="41" type="stmt" count="0"/>
        <line num="43" type="stmt" count="0"/>
        <metrics loc="42" ncloc="23" classes="1" methods="2" coveredmethods="0" conditionals="0" coveredconditionals="0" statements="4" coveredstatements="0" elements="6" coveredelements="0"/>
      </file>
    </package>
    <metrics files="33" loc="2239" ncloc="1327" classes="31" methods="107" coveredmethods="63" conditionals="0" coveredconditionals="0" statements="420" coveredstatements="289" elements="527" coveredelements="352"/>
  </project>
</coverage>
